!SESSION 2020-09-11 11:00:03.118 -----------------------------------------------
eclipse.buildId=unknown
java.fullversion=14.0.2+12
JRE 14 Windows 10 amd64-64-Bit Compressed References 20200715_148 (JIT enabled, AOT enabled)
OpenJ9   - 34cf4c075
OMR      - 113e54219
JCL      - 1d231bd6a2 based on jdk-14.0.2+12
BootLoader constants: OS=win32, ARCH=x86_64, WS=win32, NL=en_US

!ENTRY com.ibm.ws.webserver.plugin.runtime 4 0 2020-09-11 11:00:03.119
!MESSAGE FrameworkEvent ERROR
!STACK 0
java.io.IOException: Exception in opening zip file: C:\Users\TMP01\Documents\GitHub\quiz-maker\target\liberty\wlp\lib\com.ibm.ws.webserver.plugin.runtime_1.0.44.jar
	at org.eclipse.osgi.framework.util.SecureAction.getZipFile(SecureAction.java:340)
	at org.eclipse.osgi.storage.bundlefile.ZipBundleFile.doOpen(ZipBundleFile.java:48)
	at org.eclipse.osgi.storage.bundlefile.CloseableBundleFile.open(CloseableBundleFile.java:128)
	at org.eclipse.osgi.storage.bundlefile.CloseableBundleFile.lockOpen(CloseableBundleFile.java:77)
	at org.eclipse.osgi.storage.bundlefile.CloseableBundleFile.getEntry(CloseableBundleFile.java:261)
	at org.eclipse.osgi.internal.loader.classpath.ClasspathEntry.findEntry(ClasspathEntry.java:195)
	at org.eclipse.osgi.internal.loader.classpath.ClasspathManager.findClassImpl(ClasspathManager.java:622)
	at org.eclipse.osgi.internal.loader.classpath.ClasspathManager.findLocalClassImpl(ClasspathManager.java:608)
	at org.eclipse.osgi.internal.loader.classpath.ClasspathManager.findLocalClassImpl(ClasspathManager.java:588)
	at org.eclipse.osgi.internal.loader.classpath.ClasspathManager.findLocalClass(ClasspathManager.java:567)
	at org.eclipse.osgi.internal.loader.ModuleClassLoader.findLocalClass(ModuleClassLoader.java:346)
	at org.eclipse.osgi.internal.loader.BundleLoader.findLocalClass(BundleLoader.java:398)
	at org.eclipse.osgi.internal.loader.BundleLoader.findClass(BundleLoader.java:477)
	at org.eclipse.osgi.internal.loader.ModuleClassLoader.loadClass(ModuleClassLoader.java:171)
	at java.base/java.lang.ClassLoader.loadClass(ClassLoader.java:1081)
	at com.ibm.ws.webserver.plugin.runtime.listeners.GeneratePluginConfigListener.notificationCreated(GeneratePluginConfigListener.java:201)
	at com.ibm.ws.runtime.update.internal.RuntimeUpdateManagerImpl.createNotification(RuntimeUpdateManagerImpl.java:476)
	at com.ibm.ws.runtime.update.internal.RuntimeUpdateManagerImpl.createNotification(RuntimeUpdateManagerImpl.java:274)
	at com.ibm.ws.config.xml.internal.ConfigRefresher.refreshConfiguration(ConfigRefresher.java:88)
	at com.ibm.ws.config.xml.internal.ConfigFileMonitor.onChange(ConfigFileMonitor.java:144)
	at com.ibm.ws.kernel.filemonitor.internal.MonitorHolder.scheduledScan(MonitorHolder.java:705)
	at com.ibm.ws.kernel.filemonitor.internal.MonitorHolder.run(MonitorHolder.java:558)
	at com.ibm.ws.threading.internal.SchedulingRunnableFixedHelper.run(SchedulingRunnableFixedHelper.java:272)
	at java.base/java.util.concurrent.Executors$RunnableAdapter.call(Executors.java:515)
	at java.base/java.util.concurrent.FutureTask.run(FutureTask.java:264)
	at com.ibm.ws.threading.internal.ExecutorServiceImpl$RunnableWrapper.run(ExecutorServiceImpl.java:239)
	at java.base/java.util.concurrent.ThreadPoolExecutor.runWorker(ThreadPoolExecutor.java:1130)
	at java.base/java.util.concurrent.ThreadPoolExecutor$Worker.run(ThreadPoolExecutor.java:630)
	at java.base/java.lang.Thread.run(Thread.java:851)
Caused by: java.nio.file.NoSuchFileException: C:\Users\TMP01\Documents\GitHub\quiz-maker\target\liberty\wlp\lib\com.ibm.ws.webserver.plugin.runtime_1.0.44.jar
	at java.base/sun.nio.fs.WindowsException.translateToIOException(WindowsException.java:85)
	at java.base/sun.nio.fs.WindowsException.rethrowAsIOException(WindowsException.java:103)
	at java.base/sun.nio.fs.WindowsException.rethrowAsIOException(WindowsException.java:108)
	at java.base/sun.nio.fs.WindowsFileAttributeViews$Basic.readAttributes(WindowsFileAttributeViews.java:53)
	at java.base/sun.nio.fs.WindowsFileAttributeViews$Basic.readAttributes(WindowsFileAttributeViews.java:38)
	at java.base/sun.nio.fs.WindowsFileSystemProvider.readAttributes(WindowsFileSystemProvider.java:198)
	at java.base/java.nio.file.Files.readAttributes(Files.java:1843)
	at java.base/java.util.zip.ZipFile$Source.get(ZipFile.java:1160)
	at java.base/java.util.zip.ZipFile$CleanableResource.<init>(ZipFile.java:717)
	at java.base/java.util.zip.ZipFile.<init>(ZipFile.java:237)
	at java.base/java.util.zip.ZipFile.<init>(ZipFile.java:167)
	at java.base/java.util.zip.ZipFile.<init>(ZipFile.java:181)
	at org.eclipse.osgi.framework.util.SecureAction.getZipFile(SecureAction.java:322)
	... 28 more

!ENTRY com.ibm.ws.logging.osgi 4 0 2020-09-11 11:00:03.225
!MESSAGE FrameworkEvent ERROR
!STACK 0
java.io.IOException: Exception in opening zip file: C:\Users\TMP01\Documents\GitHub\quiz-maker\target\liberty\wlp\lib\com.ibm.ws.logging.osgi_1.0.44.jar
	at org.eclipse.osgi.framework.util.SecureAction.getZipFile(SecureAction.java:340)
	at org.eclipse.osgi.storage.bundlefile.ZipBundleFile.doOpen(ZipBundleFile.java:48)
	at org.eclipse.osgi.storage.bundlefile.CloseableBundleFile.open(CloseableBundleFile.java:128)
	at org.eclipse.osgi.storage.bundlefile.CloseableBundleFile.lockOpen(CloseableBundleFile.java:77)
	at org.eclipse.osgi.storage.bundlefile.CloseableBundleFile.getEntry(CloseableBundleFile.java:261)
	at org.eclipse.osgi.internal.loader.classpath.ClasspathEntry.findEntry(ClasspathEntry.java:195)
	at org.eclipse.osgi.internal.loader.classpath.ClasspathManager.findClassImpl(ClasspathManager.java:622)
	at org.eclipse.osgi.internal.loader.classpath.ClasspathManager.findLocalClassImpl(ClasspathManager.java:608)
	at org.eclipse.osgi.internal.loader.classpath.ClasspathManager.findLocalClassImpl(ClasspathManager.java:588)
	at org.eclipse.osgi.internal.loader.classpath.ClasspathManager.findLocalClass(ClasspathManager.java:567)
	at org.eclipse.osgi.internal.loader.ModuleClassLoader.findLocalClass(ModuleClassLoader.java:346)
	at org.eclipse.osgi.internal.loader.BundleLoader.findLocalClass(BundleLoader.java:398)
	at org.eclipse.osgi.internal.loader.BundleLoader.findClass(BundleLoader.java:477)
	at org.eclipse.osgi.internal.loader.ModuleClassLoader.loadClass(ModuleClassLoader.java:171)
	at java.base/java.lang.ClassLoader.loadClass(ClassLoader.java:1081)
	at com.ibm.ws.logging.internal.osgi.TrOSGiLogForwarder.logged(TrOSGiLogForwarder.java:122)
	at org.eclipse.osgi.internal.log.ExtendedLogReaderServiceFactory.safeLogged(ExtendedLogReaderServiceFactory.java:110)
	at org.eclipse.osgi.internal.log.ExtendedLogReaderServiceFactory.logPrivileged(ExtendedLogReaderServiceFactory.java:253)
	at org.eclipse.osgi.internal.log.ExtendedLogReaderServiceFactory.log(ExtendedLogReaderServiceFactory.java:225)
	at org.eclipse.osgi.internal.log.ExtendedLogServiceFactory.log(ExtendedLogServiceFactory.java:102)
	at org.eclipse.osgi.internal.log.LoggerImpl.log(LoggerImpl.java:88)
	at org.eclipse.osgi.internal.log.LogServiceManager.frameworkEvent(LogServiceManager.java:185)
	at org.eclipse.osgi.internal.framework.BundleContextImpl.dispatchEvent(BundleContextImpl.java:997)
	at org.eclipse.osgi.framework.eventmgr.EventManager.dispatchEvent(EventManager.java:234)
	at org.eclipse.osgi.framework.eventmgr.EventManager$EventThread.run(EventManager.java:345)
Caused by: java.nio.file.NoSuchFileException: C:\Users\TMP01\Documents\GitHub\quiz-maker\target\liberty\wlp\lib\com.ibm.ws.logging.osgi_1.0.44.jar
	at java.base/sun.nio.fs.WindowsException.translateToIOException(WindowsException.java:85)
	at java.base/sun.nio.fs.WindowsException.rethrowAsIOException(WindowsException.java:103)
	at java.base/sun.nio.fs.WindowsException.rethrowAsIOException(WindowsException.java:108)
	at java.base/sun.nio.fs.WindowsFileAttributeViews$Basic.readAttributes(WindowsFileAttributeViews.java:53)
	at java.base/sun.nio.fs.WindowsFileAttributeViews$Basic.readAttributes(WindowsFileAttributeViews.java:38)
	at java.base/sun.nio.fs.WindowsFileSystemProvider.readAttributes(WindowsFileSystemProvider.java:198)
	at java.base/java.nio.file.Files.readAttributes(Files.java:1843)
	at java.base/java.util.zip.ZipFile$Source.get(ZipFile.java:1160)
	at java.base/java.util.zip.ZipFile$CleanableResource.<init>(ZipFile.java:717)
	at java.base/java.util.zip.ZipFile.<init>(ZipFile.java:237)
	at java.base/java.util.zip.ZipFile.<init>(ZipFile.java:167)
	at java.base/java.util.zip.ZipFile.<init>(ZipFile.java:181)
	at org.eclipse.osgi.framework.util.SecureAction.getZipFile(SecureAction.java:322)
	... 24 more
