------Start of DE processing------ = [9/11/20, 11:00:03:230 EDT]
Exception = java.lang.NoClassDefFoundError
Source = com.ibm.ws.logging.osgi-1.0.44.cl200920200820-0913
probeid = log
Stack Dump = java.lang.NoClassDefFoundError: com/ibm/ws/logging/internal/osgi/TrOSGiLogForwarder$1
	at com.ibm.ws.logging.internal.osgi.TrOSGiLogForwarder.logged(TrOSGiLogForwarder.java:122)
	at org.eclipse.osgi.internal.log.ExtendedLogReaderServiceFactory.safeLogged(ExtendedLogReaderServiceFactory.java:110)
	at org.eclipse.osgi.internal.log.ExtendedLogReaderServiceFactory.logPrivileged(ExtendedLogReaderServiceFactory.java:253)
	at org.eclipse.osgi.internal.log.ExtendedLogReaderServiceFactory.log(ExtendedLogReaderServiceFactory.java:225)
	at org.eclipse.osgi.internal.log.ExtendedLogServiceFactory.log(ExtendedLogServiceFactory.java:102)
	at org.eclipse.osgi.internal.log.LoggerImpl.log(LoggerImpl.java:88)
	at org.eclipse.osgi.internal.log.LogServiceManager.frameworkEvent(LogServiceManager.java:185)
	at org.eclipse.osgi.internal.framework.BundleContextImpl.dispatchEvent(BundleContextImpl.java:997)
	at org.eclipse.osgi.framework.eventmgr.EventManager.dispatchEvent(EventManager.java:234)
	at org.eclipse.osgi.framework.eventmgr.EventManager$EventThread.run(EventManager.java:345)

Dump of callerThis
Object type = org.eclipse.osgi.internal.log.ExtendedLogEntryImpl
  nextSequenceNumber = 3
  nextThreadId = 1
  threadIds = null
  loggerName = "Events.Framework.com.ibm.ws.logging.osgi"
  bundle = class org.eclipse.osgi.internal.framework.EquinoxBundle@7204cbd0
    equinoxContainer = class org.eclipse.osgi.internal.framework.EquinoxContainer@97fc98de
      NAME = "org.eclipse.osgi"
      secureAction = class org.eclipse.osgi.framework.util.SecureAction@cade8c5f
      equinoxConfig = class org.eclipse.osgi.internal.framework.EquinoxConfiguration@ba86ba65
      logServices = class org.eclipse.osgi.internal.log.EquinoxLogServices@99147ef7
      storage = class org.eclipse.osgi.storage.Storage@fb389aa5
      packageAdmin = class org.eclipse.osgi.internal.framework.legacy.PackageAdminImpl@cf17a52a
      startLevel = class org.eclipse.osgi.internal.framework.legacy.StartLevelImpl@4dca25b8
      bootDelegation = class java.util.HashSet@409c4016
      bootDelegationStems = class java.lang.String[12]
      bootDelegateAll = false
      isProcessClassRecursionSupportedByAll = false
      eventPublisher = class org.eclipse.osgi.internal.framework.EquinoxEventPublisher@d5031350
      monitor = class java.lang.Object@fa5c040
      bootLoader = class jdk.internal.loader.ClassLoaders$PlatformClassLoader@cd68a91a
      serviceRegistry = class org.eclipse.osgi.internal.serviceregistry.ServiceRegistry@4d737dbb
      contextFinder = class org.eclipse.osgi.internal.framework.ContextFinder@c4afbd05
      signedContentFactory = class org.osgi.util.tracker.ServiceTracker@e1e498a2
      executor = class java.util.concurrent.ScheduledThreadPoolExecutor@59c4969f
      storageSaver = class org.eclipse.osgi.internal.framework.StorageSaver@70fe5c83
    module = class org.eclipse.osgi.internal.framework.EquinoxBundle$EquinoxModule@15c72394
      this$0 = class org.eclipse.osgi.internal.framework.EquinoxBundle@7204cbd0
      ACTIVE_SET = class java.util.RegularEnumSet@b92dfa69
      RESOLVED_SET = class java.util.RegularEnumSet@ee03f635
      id = 1
      location = "kernel@reference:file:/C:/Users/TMP01/Documents/GitHub/quiz-maker/target/liberty/wlp/lib/com.ibm.ws.logging.osgi_1.0.44.jar"
      revisions = class org.eclipse.osgi.container.ModuleRevisions@222158a7
      stateChangeLock = class org.eclipse.osgi.internal.container.EquinoxReentrantLock@d1ce25db
      stateTransitionEvents = class java.util.RegularEnumSet@a7031668
      settings = class java.util.RegularEnumSet@f3cf45f2
      inStart = class java.util.concurrent.atomic.AtomicInteger@727bfb20
      state = class org.eclipse.osgi.container.Module$State@ef3630ad
      startlevel = 2
      lastModified = 1599832045481
      VALID_RESOLVED_TRANSITION = class java.util.RegularEnumSet@74cb18a7
      VALID_STOPPED_TRANSITION = class java.util.RegularEnumSet@8b4d42e8
      $SWITCH_TABLE$org$eclipse$osgi$container$ModuleContainerAdaptor$ModuleEvent = {1,2,3,4,5,6,7,8,9,10} /* array length = 10 */
    monitor = class java.lang.Object@6e3f909d
    context = class org.eclipse.osgi.internal.framework.BundleContextImpl@7918802
      findHookName = "org.osgi.framework.hooks.bundle.FindHook"
      valid = true
      bundle = class org.eclipse.osgi.internal.framework.EquinoxBundle@7204cbd0
      container = class org.eclipse.osgi.internal.framework.EquinoxContainer@97fc98de
      debug = class org.eclipse.osgi.internal.debug.Debug@116115a0
      servicesInUse = class java.util.HashMap@16053b84
      activator = class com.ibm.ws.logging.internal.osgi.Activator@ffd244cf
      contextLock = class java.lang.Object@203f1d21
    signerInfos = null
    $SWITCH_TABLE$org$eclipse$osgi$container$Module$State = {1,2,3,4,5,6,7} /* array length = 7 */
  level = 1
  logLevelEnum = class org.osgi.service.log.LogLevel@60025d70
    AUDIT = class org.osgi.service.log.LogLevel@2136423a
      AUDIT = class org.osgi.service.log.LogLevel@2136423a
      ERROR = class org.osgi.service.log.LogLevel@60025d70
      WARN = class org.osgi.service.log.LogLevel@f8bd1807
      INFO = class org.osgi.service.log.LogLevel@99192928
      DEBUG = class org.osgi.service.log.LogLevel@e5c85561
      TRACE = class org.osgi.service.log.LogLevel@ee44e3c5
      ENUM$VALUES = class org.osgi.service.log.LogLevel[6]
      name = "/* Could not access name */"
      ordinal = "/* Could not access ordinal */"
    ERROR = class org.osgi.service.log.LogLevel@60025d70
    WARN = class org.osgi.service.log.LogLevel@f8bd1807
      AUDIT = class org.osgi.service.log.LogLevel@2136423a
      ERROR = class org.osgi.service.log.LogLevel@60025d70
      WARN = class org.osgi.service.log.LogLevel@f8bd1807
      INFO = class org.osgi.service.log.LogLevel@99192928
      DEBUG = class org.osgi.service.log.LogLevel@e5c85561
      TRACE = class org.osgi.service.log.LogLevel@ee44e3c5
      ENUM$VALUES = class org.osgi.service.log.LogLevel[6]
      name = "/* Could not access name */"
      ordinal = "/* Could not access ordinal */"
    INFO = class org.osgi.service.log.LogLevel@99192928
      AUDIT = class org.osgi.service.log.LogLevel@2136423a
      ERROR = class org.osgi.service.log.LogLevel@60025d70
      WARN = class org.osgi.service.log.LogLevel@f8bd1807
      INFO = class org.osgi.service.log.LogLevel@99192928
      DEBUG = class org.osgi.service.log.LogLevel@e5c85561
      TRACE = class org.osgi.service.log.LogLevel@ee44e3c5
      ENUM$VALUES = class org.osgi.service.log.LogLevel[6]
      name = "/* Could not access name */"
      ordinal = "/* Could not access ordinal */"
    DEBUG = class org.osgi.service.log.LogLevel@e5c85561
      AUDIT = class org.osgi.service.log.LogLevel@2136423a
      ERROR = class org.osgi.service.log.LogLevel@60025d70
      WARN = class org.osgi.service.log.LogLevel@f8bd1807
      INFO = class org.osgi.service.log.LogLevel@99192928
      DEBUG = class org.osgi.service.log.LogLevel@e5c85561
      TRACE = class org.osgi.service.log.LogLevel@ee44e3c5
      ENUM$VALUES = class org.osgi.service.log.LogLevel[6]
      name = "/* Could not access name */"
      ordinal = "/* Could not access ordinal */"
    TRACE = class org.osgi.service.log.LogLevel@ee44e3c5
      AUDIT = class org.osgi.service.log.LogLevel@2136423a
      ERROR = class org.osgi.service.log.LogLevel@60025d70
      WARN = class org.osgi.service.log.LogLevel@f8bd1807
      INFO = class org.osgi.service.log.LogLevel@99192928
      DEBUG = class org.osgi.service.log.LogLevel@e5c85561
      TRACE = class org.osgi.service.log.LogLevel@ee44e3c5
      ENUM$VALUES = class org.osgi.service.log.LogLevel[6]
      name = "/* Could not access name */"
      ordinal = "/* Could not access ordinal */"
    ENUM$VALUES = class org.osgi.service.log.LogLevel[6]
      LogLevel[0] = class org.osgi.service.log.LogLevel@2136423a
      LogLevel[1] = class org.osgi.service.log.LogLevel@60025d70
      LogLevel[2] = class org.osgi.service.log.LogLevel@f8bd1807
      LogLevel[3] = class org.osgi.service.log.LogLevel@99192928
      LogLevel[4] = class org.osgi.service.log.LogLevel@e5c85561
      LogLevel[5] = class org.osgi.service.log.LogLevel@ee44e3c5
    name = "/* Could not access name */"
    ordinal = "/* Could not access ordinal */"
  message = "FrameworkEvent ERROR"
  ref = null
  throwable = class java.io.IOException@8ec6236f
    serialVersionUID = "/* Could not access serialVersionUID */"
    serialVersionUID = "/* Could not access serialVersionUID */"
    serialVersionUID = "/* Could not access serialVersionUID */"
    detailMessage = "/* Could not access detailMessage */"
    walkback = "/* Could not access walkback */"
    cause = "/* Could not access cause */"
    stackTrace = "/* Could not access stackTrace */"
    ZeroElementArray = "/* Could not access ZeroElementArray */"
    ZeroStackTraceElementArray = "/* Could not access ZeroStackTraceElementArray */"
    suppressedExceptions = "/* Could not access suppressedExceptions */"
    disableWritableStackTrace = "/* Could not access disableWritableStackTrace */"
  contextObject = class org.osgi.framework.FrameworkEvent@eaa9396a
    serialVersionUID = 207051004521261705
    bundle = class org.eclipse.osgi.internal.framework.EquinoxBundle@7204cbd0
    throwable = class java.io.IOException@8ec6236f
    type = 2
    STARTED = 1
    ERROR = 2
    PACKAGES_REFRESHED = 4
    STARTLEVEL_CHANGED = 8
    WARNING = 16
    INFO = 32
    STOPPED = 64
    STOPPED_UPDATE = 128
    STOPPED_BOOTCLASSPATH_MODIFIED = 256
    WAIT_TIMEDOUT = 512
    STOPPED_SYSTEM_REFRESHED = 1024
    serialVersionUID = "/* Could not access serialVersionUID */"
    source = "/* Could not access source */"
  time = 1599836403225
  threadId = 32
  threadName = "Framework Event Dispatcher: Equinox Container: 0fff2094-f1a0-4d75-b8eb-5e083c7f2a8d"
  sequenceNumber = 2
  stackTraceElement = null

