********************************************************************************
product = Open Liberty 20.0.0.9 (wlp-1.0.44.cl200920200820-0913)
wlp.install.dir = C:/Users/miyug/GitHubRepositry/quiz-maker/target/liberty/wlp/
java.home = C:\Program Files\Java\jdk1.8.0_241\jre
java.version = 1.8.0_241
java.runtime = Java(TM) SE Runtime Environment (1.8.0_241-b07)
os = Windows 10 (10.0; amd64) (en_US)
process = 5532@MSI
********************************************************************************
[9/13/20 21:49:05:249 EDT] 00000001 com.ibm.ws.kernel.launch.internal.FrameworkManager           A CWWKE0001I: The server defaultServer has been launched.
[9/13/20 21:49:06:202 EDT] 00000001 com.ibm.ws.kernel.launch.internal.FrameworkManager           I CWWKE0002I: The kernel started after 1.194 seconds
[9/13/20 21:49:06:245 EDT] 00000022 com.ibm.ws.kernel.feature.internal.FeatureManager            I CWWKF0007I: Feature update started.
[9/13/20 21:49:06:553 EDT] 00000017 .apache.cxf.cxf.core.3.2:1.0.44.cl200920200820-0913(id=147)] I Aries Blueprint packages not available. So namespaces will not be registered
[9/13/20 21:49:06:554 EDT] 00000017 .apache.cxf.cxf.core.3.2:1.0.44.cl200920200820-0913(id=147)] I Aries Blueprint packages not available. So namespaces will not be registered
[9/13/20 21:49:06:612 EDT] 00000016 com.ibm.ws.security.ready.internal.SecurityReadyServiceImpl  I CWWKS0007I: The security service is starting...
[9/13/20 21:49:06:835 EDT] 00000018 com.ibm.ws.app.manager.internal.monitor.DropinMonitor        A CWWKZ0058I: Monitoring dropins for applications.
[9/13/20 21:49:07:018 EDT] 00000018 com.ibm.ws.cache.ServerCache                                 I DYNA1001I: WebSphere Dynamic Cache instance named baseCache initialized successfully.
[9/13/20 21:49:07:021 EDT] 00000018 com.ibm.ws.cache.ServerCache                                 I DYNA1071I: The cache provider default is being used.
[9/13/20 21:49:07:022 EDT] 00000018 com.ibm.ws.cache.CacheServiceImpl                            I DYNA1056I: Dynamic Cache (object cache) initialized successfully.
[9/13/20 21:49:08:145 EDT] 0000001e com.ibm.ws.ssl.config.WSKeyStore                             A CWPKI0820A: The default keystore has been created using the 'keystore_password' environment variable.
[9/13/20 21:49:08:213 EDT] 00000016 ibm.ws.security.authentication.internal.jaas.JAASServiceImpl I CWWKS1123I: The collective authentication plugin with class name NullCollectiveAuthenticationPlugin has been activated. 
[9/13/20 21:49:08:226 EDT] 00000034 com.ibm.ws.security.token.ltpa.internal.LTPAKeyCreateTask    I CWWKS4105I: LTPA configuration is ready after 0.062 seconds.
[9/13/20 21:49:08:338 EDT] 0000001e com.ibm.ws.ssl.config.WSKeyStore                             I Successfully loaded default keystore: C:/Users/miyug/GitHubRepositry/quiz-maker/target/liberty/wlp/usr/servers/defaultServer/resources/security/key.p12 of type: PKCS12
[9/13/20 21:49:08:573 EDT] 00000016 com.ibm.ws.security.jwt.internal.ConsumerImpl                I CWWKS6012I: The JSON Web Token (JWT) consumer service is available.
[9/13/20 21:49:08:607 EDT] 00000016 com.ibm.ws.security.jwt.web.JwtEndpointServices              I CWWKS6002I: The JSON Web Token (JWT) endpoint service is available.
[9/13/20 21:49:08:623 EDT] 00000016 .ws.security.mp.jwt.v11.config.impl.MpConfigProxyServiceImpl I CWWKS5775I: The MicroProfile JWT version 1.1 mpConfigProxy processed successfully.
[9/13/20 21:49:08:638 EDT] 00000016 com.ibm.ws.security.mp.jwt.impl.MicroProfileJwtServiceImpl   I CWWKS5500I: The MicroProfile JWT configuration [MicroProfileJwtService] was successfully processed.
[9/13/20 21:49:08:640 EDT] 00000016 SystemOut                                                    O Failed to find runtime version
[9/13/20 21:49:08:641 EDT] 00000016 com.ibm.ws.security.mp.jwt.impl.MicroProfileJwtConfigImpl    I CWWKS5500I: The MicroProfile JWT configuration [defaultMpJwt] was successfully processed.
[9/13/20 21:49:08:892 EDT] 00000016 com.ibm.ws.session.WASSessionCore                            I SESN8501I: The session manager did not find a persistent storage location; HttpSession objects will be stored in the local application server's memory.
[9/13/20 21:49:09:617 EDT] 00000031 com.ibm.ws.app.manager.AppMessageHelper                      I CWWKZ0018I: Starting application starter-app.
[9/13/20 21:49:09:619 EDT] 00000031 bm.ws.app.manager.war.internal.WARDeployedAppInfoFactoryImpl I CWWKZ0134I: The starter-app application is using the loose application definition at the C:\Users\miyug\GitHubRepositry\quiz-maker\target\liberty\wlp\usr\servers\defaultServer\apps\starter-app.war.xml location.
[9/13/20 21:49:10:012 EDT] 0000002a com.ibm.ws.webcontainer.osgi.webapp.WebGroup                 I SRVE0169I: Loading Web Module: OpenAPIUI.
[9/13/20 21:49:10:011 EDT] 00000028 com.ibm.ws.webcontainer.osgi.webapp.WebGroup                 I SRVE0169I: Loading Web Module: MicroProfileOpenAPI.
[9/13/20 21:49:10:015 EDT] 0000002a com.ibm.ws.webcontainer                                      I SRVE0250I: Web Module OpenAPIUI has been bound to default_host.
[9/13/20 21:49:10:015 EDT] 00000028 com.ibm.ws.webcontainer                                      I SRVE0250I: Web Module MicroProfileOpenAPI has been bound to default_host.
[9/13/20 21:49:10:011 EDT] 00000023 com.ibm.ws.webcontainer.osgi.webapp.WebGroup                 I SRVE0169I: Loading Web Module: com.ibm.ws.security.jwt.
[9/13/20 21:49:10:016 EDT] 00000023 com.ibm.ws.webcontainer                                      I SRVE0250I: Web Module com.ibm.ws.security.jwt has been bound to default_host.
[9/13/20 21:49:10:011 EDT] 00000030 com.ibm.ws.webcontainer.osgi.webapp.WebGroup                 I SRVE0169I: Loading Web Module: health.
[9/13/20 21:49:10:016 EDT] 00000030 com.ibm.ws.webcontainer                                      I SRVE0250I: Web Module health has been bound to default_host.
[9/13/20 21:49:10:012 EDT] 0000002f com.ibm.ws.webcontainer.osgi.webapp.WebGroup                 I SRVE0169I: Loading Web Module: ibm/api.
[9/13/20 21:49:10:012 EDT] 0000002e com.ibm.ws.webcontainer.osgi.webapp.WebGroup                 I SRVE0169I: Loading Web Module: PrivateMicroProfileMetrics.
[9/13/20 21:49:10:016 EDT] 0000002f com.ibm.ws.webcontainer                                      I SRVE0250I: Web Module ibm/api has been bound to default_host.
[9/13/20 21:49:10:017 EDT] 0000002e com.ibm.ws.webcontainer                                      I SRVE0250I: Web Module PrivateMicroProfileMetrics has been bound to default_host.
[9/13/20 21:49:10:017 EDT] 0000002a com.ibm.ws.http.internal.VirtualHostImpl                     A CWWKT0016I: Web application available (default_host): http://129.3.171.193:9080/openapi/ui/
[9/13/20 21:49:10:019 EDT] 0000002e com.ibm.ws.http.internal.VirtualHostImpl                     A CWWKT0016I: Web application available (default_host): http://129.3.171.193:9080/metrics/
[9/13/20 21:49:10:020 EDT] 0000002f com.ibm.ws.http.internal.VirtualHostImpl                     A CWWKT0016I: Web application available (default_host): http://129.3.171.193:9080/ibm/api/
[9/13/20 21:49:10:020 EDT] 00000030 com.ibm.ws.http.internal.VirtualHostImpl                     A CWWKT0016I: Web application available (default_host): http://129.3.171.193:9080/health/
[9/13/20 21:49:10:022 EDT] 00000023 com.ibm.ws.http.internal.VirtualHostImpl                     A CWWKT0016I: Web application available (default_host): http://129.3.171.193:9080/jwt/
[9/13/20 21:49:10:023 EDT] 00000028 com.ibm.ws.http.internal.VirtualHostImpl                     A CWWKT0016I: Web application available (default_host): http://129.3.171.193:9080/openapi/
[9/13/20 21:49:10:152 EDT] 00000030 com.ibm.ws.session.WASSessionCore                            I SESN0176I: A new session context will be created for application key default_host/ibm/api
[9/13/20 21:49:10:151 EDT] 00000034 com.ibm.ws.session.WASSessionCore                            I SESN0176I: A new session context will be created for application key default_host/health
[9/13/20 21:49:10:152 EDT] 0000002a com.ibm.ws.session.WASSessionCore                            I SESN0176I: A new session context will be created for application key default_host/jwt
[9/13/20 21:49:10:152 EDT] 00000026 com.ibm.ws.session.WASSessionCore                            I SESN0176I: A new session context will be created for application key default_host/openapi/ui
[9/13/20 21:49:10:152 EDT] 00000032 com.ibm.ws.session.WASSessionCore                            I SESN0176I: A new session context will be created for application key default_host/metrics
[9/13/20 21:49:10:153 EDT] 00000036 com.ibm.ws.session.WASSessionCore                            I SESN0176I: A new session context will be created for application key default_host/openapi
[9/13/20 21:49:10:168 EDT] 00000034 com.ibm.ws.util                                              I SESN0172I: The session manager is using the Java default SecureRandom implementation for session ID generation.
[9/13/20 21:49:10:177 EDT] 00000036 com.ibm.ws.util                                              I SESN0172I: The session manager is using the Java default SecureRandom implementation for session ID generation.
[9/13/20 21:49:10:179 EDT] 00000032 com.ibm.ws.util                                              I SESN0172I: The session manager is using the Java default SecureRandom implementation for session ID generation.
[9/13/20 21:49:10:180 EDT] 00000026 com.ibm.ws.util                                              I SESN0172I: The session manager is using the Java default SecureRandom implementation for session ID generation.
[9/13/20 21:49:10:180 EDT] 00000030 com.ibm.ws.util                                              I SESN0172I: The session manager is using the Java default SecureRandom implementation for session ID generation.
[9/13/20 21:49:10:180 EDT] 0000002a com.ibm.ws.util                                              I SESN0172I: The session manager is using the Java default SecureRandom implementation for session ID generation.
[9/13/20 21:49:10:197 EDT] 00000026 com.ibm.ws.cache.CacheServiceImpl                            I DYNA1056I: Dynamic Cache (object cache) initialized successfully.
[9/13/20 21:49:10:551 EDT] 00000036 com.ibm.ws.webcontainer.servlet                              I SRVE0242I: [com.ibm.ws.microprofile.openapi] [/openapi] [OpenAPIServlet]: Initialization successful.
[9/13/20 21:49:10:556 EDT] 00000034 com.ibm.ws.webcontainer.servlet                              I SRVE0242I: [com.ibm.ws.microprofile.health.2.0] [/health] [HealthCheckReadinessServlet]: Initialization successful.
[9/13/20 21:49:10:557 EDT] 00000034 com.ibm.ws.webcontainer.servlet                              I SRVE0242I: [com.ibm.ws.microprofile.health.2.0] [/health] [HealthCheckServlet]: Initialization successful.
[9/13/20 21:49:10:562 EDT] 00000032 com.ibm.ws.webcontainer.servlet                              I SRVE0242I: [com.ibm.ws.microprofile.metrics.private] [/metrics] [PrivateMetricsRESTProxyServlet]: Initialization successful.
[9/13/20 21:49:10:563 EDT] 00000034 com.ibm.ws.webcontainer.servlet                              I SRVE0242I: [com.ibm.ws.microprofile.health.2.0] [/health] [HealthCheckLivenessServlet]: Initialization successful.
[9/13/20 21:49:10:768 EDT] 00000024 com.ibm.ws.webcontainer.osgi.mbeans.PluginGenerator          I SRVE9103I: A configuration file for a web server plugin was automatically generated for this server at C:\Users\miyug\GitHubRepositry\quiz-maker\target\liberty\wlp\usr\servers\defaultServer\logs\state\plugin-cfg.xml.
[9/13/20 21:49:10:791 EDT] 00000031 com.ibm.ws.microprofile.openapi.ApplicationProcessor         I CWWKO1660I: The application starter-app was processed and an OpenAPI document was produced.
[9/13/20 21:49:10:836 EDT] 00000031 org.jboss.weld.Version                                       I WELD-000900: 3.1.4 (Final)
[9/13/20 21:49:12:344 EDT] 00000031 com.ibm.ws.webcontainer.osgi.webapp.WebGroup                 I SRVE0169I: Loading Web Module: starter-app.
[9/13/20 21:49:12:344 EDT] 00000031 com.ibm.ws.webcontainer                                      I SRVE0250I: Web Module starter-app has been bound to default_host.
[9/13/20 21:49:12:344 EDT] 00000031 com.ibm.ws.http.internal.VirtualHostImpl                     A CWWKT0016I: Web application available (default_host): http://129.3.171.193:9080/
[9/13/20 21:49:12:350 EDT] 00000032 com.ibm.ws.session.WASSessionCore                            I SESN0176I: A new session context will be created for application key default_host/
[9/13/20 21:49:12:350 EDT] 00000032 com.ibm.ws.util                                              I SESN0172I: The session manager is using the Java default SecureRandom implementation for session ID generation.
[9/13/20 21:49:12:373 EDT] 00000032 com.ibm.ws.app.manager.AppMessageHelper                      A CWWKZ0001I: Application starter-app started in 2.756 seconds.
[9/13/20 21:49:12:410 EDT] 00000022 com.ibm.ws.tcpchannel.internal.TCPPort                       I CWWKO0219I: TCP Channel defaultHttpEndpoint has been started and is now listening for requests on host *  (IPv6) port 9080.
[9/13/20 21:49:12:414 EDT] 00000022 com.ibm.ws.tcpchannel.internal.TCPPort                       I CWWKO0219I: TCP Channel defaultHttpEndpoint-ssl has been started and is now listening for requests on host *  (IPv6) port 9443.
[9/13/20 21:49:12:441 EDT] 00000022 com.ibm.ws.kernel.feature.internal.FeatureManager            A CWWKF0012I: The server installed the following features: [appSecurity-2.0, cdi-2.0, concurrent-1.0, distributedMap-1.0, jaxrs-2.1, jaxrsClient-2.1, jndi-1.0, json-1.0, jsonb-1.0, jsonp-1.1, jwt-1.0, microProfile-3.2, mpConfig-1.3, mpFaultTolerance-2.0, mpHealth-2.1, mpJwt-1.1, mpMetrics-2.2, mpOpenAPI-1.1, mpOpenTracing-1.3, mpRestClient-1.3, opentracing-1.3, servlet-4.0, ssl-1.0].
[9/13/20 21:49:12:442 EDT] 00000022 com.ibm.ws.kernel.feature.internal.FeatureManager            I CWWKF0008I: Feature update completed in 6.239 seconds.
[9/13/20 21:49:12:442 EDT] 00000022 com.ibm.ws.kernel.feature.internal.FeatureManager            A CWWKF0011I: The defaultServer server is ready to run a smarter planet. The defaultServer server started in 7.434 seconds.
[9/13/20 21:49:12:593 EDT] 0000002a com.ibm.ws.webcontainer.osgi.mbeans.PluginGenerator          I SRVE9103I: A configuration file for a web server plugin was automatically generated for this server at C:\Users\miyug\GitHubRepositry\quiz-maker\target\liberty\wlp\usr\servers\defaultServer\logs\state\plugin-cfg.xml.
[9/13/20 21:49:15:199 EDT] 00000022 com.ibm.ws.http.internal.VirtualHostImpl                     A CWWKT0017I: Web application removed (default_host): http://129.3.171.193:9080/
[9/13/20 21:49:15:220 EDT] 00000022 com.ibm.ws.app.manager.AppMessageHelper                      A CWWKZ0009I: The application starter-app has stopped successfully.
[9/13/20 21:49:15:229 EDT] 00000022 com.ibm.ws.app.manager.AppMessageHelper                      I CWWKZ0018I: Starting application starter-app.
[9/13/20 21:49:15:229 EDT] 00000022 bm.ws.app.manager.war.internal.WARDeployedAppInfoFactoryImpl I CWWKZ0134I: The starter-app application is using the loose application definition at the C:\Users\miyug\GitHubRepositry\quiz-maker\target\liberty\wlp\usr\servers\defaultServer\apps\starter-app.war.xml location.
[9/13/20 21:49:15:305 EDT] 00000022 com.ibm.ws.microprofile.openapi.ApplicationProcessor         I CWWKO1660I: The application starter-app was processed and an OpenAPI document was produced.
[9/13/20 21:49:15:594 EDT] 00000033 com.ibm.ws.webcontainer.osgi.mbeans.PluginGenerator          I SRVE9103I: A configuration file for a web server plugin was automatically generated for this server at C:\Users\miyug\GitHubRepositry\quiz-maker\target\liberty\wlp\usr\servers\defaultServer\logs\state\plugin-cfg.xml.
[9/13/20 21:49:15:693 EDT] 00000022 com.ibm.ws.webcontainer.osgi.webapp.WebGroup                 I SRVE0169I: Loading Web Module: starter-app.
[9/13/20 21:49:15:693 EDT] 00000022 com.ibm.ws.webcontainer                                      I SRVE0250I: Web Module starter-app has been bound to default_host.
[9/13/20 21:49:15:693 EDT] 00000022 com.ibm.ws.http.internal.VirtualHostImpl                     A CWWKT0016I: Web application available (default_host): http://129.3.171.193:9080/
[9/13/20 21:49:15:695 EDT] 00000034 com.ibm.ws.session.WASSessionCore                            I SESN0176I: A new session context will be created for application key default_host/
[9/13/20 21:49:15:696 EDT] 00000034 com.ibm.ws.util                                              I SESN0172I: The session manager is using the Java default SecureRandom implementation for session ID generation.
[9/13/20 21:49:15:700 EDT] 00000034 com.ibm.ws.app.manager.AppMessageHelper                      A CWWKZ0003I: The application starter-app updated in 0.471 seconds.
[9/13/20 21:49:15:962 EDT] 0000002f com.ibm.ws.webcontainer.osgi.mbeans.PluginGenerator          I SRVE9103I: A configuration file for a web server plugin was automatically generated for this server at C:\Users\miyug\GitHubRepositry\quiz-maker\target\liberty\wlp\usr\servers\defaultServer\logs\state\plugin-cfg.xml.
[9/13/20 21:49:36:592 EDT] 00000031 com.ibm.ws.webcontainer.extension                            W SRVE0190E: File not found: /artists
[9/13/20 21:54:41:446 EDT] 00000014 com.ibm.ws.kernel.launch.internal.ServerCommandListener      A CWWKE0055I: Server shutdown requested on Sunday, September 13, 2020 at 9:54 PM. The server defaultServer is shutting down.
[9/13/20 21:54:41:449 EDT] 00000053 com.ibm.ws.runtime.update.internal.RuntimeUpdateManagerImpl  A CWWKE1100I: Waiting for up to 30 seconds for the server to quiesce.
[9/13/20 21:54:41:453 EDT] 0000004e com.ibm.ws.tcpchannel.internal.TCPChannel                    I CWWKO0220I: TCP Channel defaultHttpEndpoint-ssl has stopped listening for requests on host *  (IPv6) port 9443.
[9/13/20 21:54:41:455 EDT] 0000004e com.ibm.ws.tcpchannel.internal.TCPChannel                    I CWWKO0220I: TCP Channel defaultHttpEndpoint has stopped listening for requests on host *  (IPv6) port 9080.
[9/13/20 21:54:41:456 EDT] 0000004e com.ibm.ws.http.internal.VirtualHostImpl                     A CWWKT0017I: Web application removed (default_host): http://129.3.171.193:9080/jwt/
[9/13/20 21:54:41:456 EDT] 0000004e com.ibm.ws.http.internal.VirtualHostImpl                     A CWWKT0017I: Web application removed (default_host): http://129.3.171.193:9080/openapi/ui/
[9/13/20 21:54:41:456 EDT] 0000004e com.ibm.ws.http.internal.VirtualHostImpl                     A CWWKT0017I: Web application removed (default_host): http://129.3.171.193:9080/metrics/
[9/13/20 21:54:41:456 EDT] 0000004e com.ibm.ws.http.internal.VirtualHostImpl                     A CWWKT0017I: Web application removed (default_host): http://129.3.171.193:9080/health/
[9/13/20 21:54:41:456 EDT] 0000004e com.ibm.ws.http.internal.VirtualHostImpl                     A CWWKT0017I: Web application removed (default_host): http://129.3.171.193:9080/
[9/13/20 21:54:41:457 EDT] 0000004e com.ibm.ws.http.internal.VirtualHostImpl                     A CWWKT0017I: Web application removed (default_host): http://129.3.171.193:9080/ibm/api/
[9/13/20 21:54:41:457 EDT] 0000004e com.ibm.ws.http.internal.VirtualHostImpl                     A CWWKT0017I: Web application removed (default_host): http://129.3.171.193:9080/openapi/
[9/13/20 21:54:42:461 EDT] 00000053 com.ibm.ws.runtime.update.internal.RuntimeUpdateManagerImpl  I CWWKE1101I: Server quiesce complete.
[9/13/20 21:54:42:494 EDT] 0000002f com.ibm.ws.app.manager.AppMessageHelper                      A CWWKZ0009I: The application starter-app has stopped successfully.
[9/13/20 21:54:42:534 EDT] 00000053 com.ibm.ws.webcontainer.servlet                              I SRVE0253I: [com.ibm.ws.microprofile.metrics.private] [/metrics] [PrivateMetricsRESTProxyServlet]: Destroy successful.
[9/13/20 21:54:42:540 EDT] 00000053 com.ibm.ws.webcontainer.servlet                              I SRVE0253I: [com.ibm.ws.microprofile.health.2.0] [/health] [HealthCheckReadinessServlet]: Destroy successful.
[9/13/20 21:54:42:541 EDT] 00000053 com.ibm.ws.webcontainer.servlet                              I SRVE0253I: [com.ibm.ws.microprofile.health.2.0] [/health] [HealthCheckLivenessServlet]: Destroy successful.
[9/13/20 21:54:42:541 EDT] 00000053 com.ibm.ws.webcontainer.servlet                              I SRVE0253I: [com.ibm.ws.microprofile.health.2.0] [/health] [HealthCheckServlet]: Destroy successful.
[9/13/20 21:54:42:546 EDT] 00000053 com.ibm.ws.webcontainer.servlet                              I SRVE0253I: [com.ibm.ws.microprofile.openapi] [/openapi] [OpenAPIServlet]: Destroy successful.
[9/13/20 21:54:42:680 EDT] 00000053 com.ibm.ws.security.ready.internal.SecurityReadyServiceImpl  I CWWKS0009I: The security service has stopped.
[9/13/20 21:54:42:705 EDT] 00000053 ibm.ws.security.authentication.internal.jaas.JAASServiceImpl I CWWKS1124I: The collective authentication plugin with class name NullCollectiveAuthenticationPlugin has been deactivated. 
[9/13/20 21:54:42:714 EDT] 00000053 .ws.security.mp.jwt.v11.config.impl.MpConfigProxyServiceImpl I CWWKS5777I: The MicroProfile JWT version 1.1 mpConfigProxy deactivated successfully.
[9/13/20 21:54:42:717 EDT] 00000053 com.ibm.ws.security.mp.jwt.impl.MicroProfileJwtConfigImpl    I CWWKS5502I: The MicroProfile JWT configuration [defaultMpJwt] was successfully deactivated.
[9/13/20 21:54:42:719 EDT] 00000053 com.ibm.ws.security.mp.jwt.impl.MicroProfileJwtServiceImpl   I CWWKS5502I: The MicroProfile JWT configuration [MicroProfileJwtService] was successfully deactivated.
[9/13/20 21:54:43:037 EDT] 00000001 com.ibm.ws.kernel.launch.internal.FrameworkManager           A CWWKE0036I: The server defaultServer stopped after 5 minutes, 38.029 seconds.
