********************************************************************************
product = Open Liberty 20.0.0.9 (wlp-1.0.44.cl200920200820-0913)
wlp.install.dir = C:/Users/miyug/GitHubRepositry/quiz-maker/target/liberty/wlp/
java.home = C:\Program Files\Java\jdk1.8.0_241\jre
java.version = 1.8.0_241
java.runtime = Java(TM) SE Runtime Environment (1.8.0_241-b07)
os = Windows 10 (10.0; amd64) (en_US)
process = 4416@MSI
********************************************************************************
[9/13/20 21:56:58:670 EDT] 00000001 com.ibm.ws.kernel.launch.internal.FrameworkManager           A CWWKE0001I: The server defaultServer has been launched.
[9/13/20 21:56:59:473 EDT] 00000001 com.ibm.ws.kernel.launch.internal.FrameworkManager           I CWWKE0002I: The kernel started after 1.08 seconds
[9/13/20 21:56:59:520 EDT] 00000020 com.ibm.ws.kernel.feature.internal.FeatureManager            I CWWKF0007I: Feature update started.
[9/13/20 21:56:59:791 EDT] 00000018 .apache.cxf.cxf.core.3.2:1.0.44.cl200920200820-0913(id=147)] I Aries Blueprint packages not available. So namespaces will not be registered
[9/13/20 21:56:59:795 EDT] 00000018 .apache.cxf.cxf.core.3.2:1.0.44.cl200920200820-0913(id=147)] I Aries Blueprint packages not available. So namespaces will not be registered
[9/13/20 21:56:59:860 EDT] 00000014 com.ibm.ws.security.ready.internal.SecurityReadyServiceImpl  I CWWKS0007I: The security service is starting...
[9/13/20 21:57:00:018 EDT] 00000016 com.ibm.ws.app.manager.internal.monitor.DropinMonitor        A CWWKZ0058I: Monitoring dropins for applications.
[9/13/20 21:57:00:191 EDT] 00000018 com.ibm.ws.cache.ServerCache                                 I DYNA1001I: WebSphere Dynamic Cache instance named baseCache initialized successfully.
[9/13/20 21:57:00:193 EDT] 00000018 com.ibm.ws.cache.ServerCache                                 I DYNA1071I: The cache provider default is being used.
[9/13/20 21:57:00:195 EDT] 00000018 com.ibm.ws.cache.CacheServiceImpl                            I DYNA1056I: Dynamic Cache (object cache) initialized successfully.
[9/13/20 21:57:01:584 EDT] 0000001c com.ibm.ws.ssl.config.WSKeyStore                             A CWPKI0820A: The default keystore has been created using the 'keystore_password' environment variable.
[9/13/20 21:57:01:653 EDT] 00000014 ibm.ws.security.authentication.internal.jaas.JAASServiceImpl I CWWKS1123I: The collective authentication plugin with class name NullCollectiveAuthenticationPlugin has been activated. 
[9/13/20 21:57:01:661 EDT] 00000022 com.ibm.ws.security.token.ltpa.internal.LTPAKeyCreateTask    I CWWKS4105I: LTPA configuration is ready after 0.061 seconds.
[9/13/20 21:57:01:855 EDT] 0000001c com.ibm.ws.ssl.config.WSKeyStore                             I Successfully loaded default keystore: C:/Users/miyug/GitHubRepositry/quiz-maker/target/liberty/wlp/usr/servers/defaultServer/resources/security/key.p12 of type: PKCS12
[9/13/20 21:57:02:118 EDT] 00000014 com.ibm.ws.security.jwt.internal.ConsumerImpl                I CWWKS6012I: The JSON Web Token (JWT) consumer service is available.
[9/13/20 21:57:02:137 EDT] 00000014 com.ibm.ws.security.jwt.web.JwtEndpointServices              I CWWKS6002I: The JSON Web Token (JWT) endpoint service is available.
[9/13/20 21:57:02:148 EDT] 00000014 .ws.security.mp.jwt.v11.config.impl.MpConfigProxyServiceImpl I CWWKS5775I: The MicroProfile JWT version 1.1 mpConfigProxy processed successfully.
[9/13/20 21:57:02:169 EDT] 00000014 com.ibm.ws.security.mp.jwt.impl.MicroProfileJwtServiceImpl   I CWWKS5500I: The MicroProfile JWT configuration [MicroProfileJwtService] was successfully processed.
[9/13/20 21:57:02:171 EDT] 00000014 SystemOut                                                    O Failed to find runtime version
[9/13/20 21:57:02:171 EDT] 00000014 com.ibm.ws.security.mp.jwt.impl.MicroProfileJwtConfigImpl    I CWWKS5500I: The MicroProfile JWT configuration [defaultMpJwt] was successfully processed.
[9/13/20 21:57:02:358 EDT] 00000014 com.ibm.ws.session.WASSessionCore                            I SESN8501I: The session manager did not find a persistent storage location; HttpSession objects will be stored in the local application server's memory.
[9/13/20 21:57:03:414 EDT] 00000022 com.ibm.ws.app.manager.AppMessageHelper                      I CWWKZ0018I: Starting application starter-app.
[9/13/20 21:57:03:415 EDT] 00000022 bm.ws.app.manager.war.internal.WARDeployedAppInfoFactoryImpl I CWWKZ0134I: The starter-app application is using the loose application definition at the C:\Users\miyug\GitHubRepositry\quiz-maker\target\liberty\wlp\usr\servers\defaultServer\apps\starter-app.war.xml location.
[9/13/20 21:57:03:761 EDT] 00000021 com.ibm.ws.webcontainer.osgi.webapp.WebGroup                 I SRVE0169I: Loading Web Module: PrivateMicroProfileMetrics.
[9/13/20 21:57:03:763 EDT] 00000031 com.ibm.ws.webcontainer.osgi.webapp.WebGroup                 I SRVE0169I: Loading Web Module: OpenAPIUI.
[9/13/20 21:57:03:759 EDT] 0000002f com.ibm.ws.webcontainer.osgi.webapp.WebGroup                 I SRVE0169I: Loading Web Module: com.ibm.ws.security.jwt.
[9/13/20 21:57:03:766 EDT] 0000002f com.ibm.ws.webcontainer                                      I SRVE0250I: Web Module com.ibm.ws.security.jwt has been bound to default_host.
[9/13/20 21:57:03:762 EDT] 00000032 com.ibm.ws.webcontainer.osgi.webapp.WebGroup                 I SRVE0169I: Loading Web Module: health.
[9/13/20 21:57:03:767 EDT] 00000032 com.ibm.ws.webcontainer                                      I SRVE0250I: Web Module health has been bound to default_host.
[9/13/20 21:57:03:762 EDT] 00000030 com.ibm.ws.webcontainer.osgi.webapp.WebGroup                 I SRVE0169I: Loading Web Module: MicroProfileOpenAPI.
[9/13/20 21:57:03:766 EDT] 00000031 com.ibm.ws.webcontainer                                      I SRVE0250I: Web Module OpenAPIUI has been bound to default_host.
[9/13/20 21:57:03:767 EDT] 00000030 com.ibm.ws.webcontainer                                      I SRVE0250I: Web Module MicroProfileOpenAPI has been bound to default_host.
[9/13/20 21:57:03:766 EDT] 00000021 com.ibm.ws.webcontainer                                      I SRVE0250I: Web Module PrivateMicroProfileMetrics has been bound to default_host.
[9/13/20 21:57:03:762 EDT] 00000034 com.ibm.ws.webcontainer.osgi.webapp.WebGroup                 I SRVE0169I: Loading Web Module: ibm/api.
[9/13/20 21:57:03:768 EDT] 00000034 com.ibm.ws.webcontainer                                      I SRVE0250I: Web Module ibm/api has been bound to default_host.
[9/13/20 21:57:03:769 EDT] 0000002f com.ibm.ws.http.internal.VirtualHostImpl                     A CWWKT0016I: Web application available (default_host): http://129.3.171.193:9080/jwt/
[9/13/20 21:57:03:774 EDT] 00000034 com.ibm.ws.http.internal.VirtualHostImpl                     A CWWKT0016I: Web application available (default_host): http://129.3.171.193:9080/ibm/api/
[9/13/20 21:57:03:777 EDT] 00000021 com.ibm.ws.http.internal.VirtualHostImpl                     A CWWKT0016I: Web application available (default_host): http://129.3.171.193:9080/metrics/
[9/13/20 21:57:03:778 EDT] 00000032 com.ibm.ws.http.internal.VirtualHostImpl                     A CWWKT0016I: Web application available (default_host): http://129.3.171.193:9080/health/
[9/13/20 21:57:03:780 EDT] 00000030 com.ibm.ws.http.internal.VirtualHostImpl                     A CWWKT0016I: Web application available (default_host): http://129.3.171.193:9080/openapi/
[9/13/20 21:57:03:781 EDT] 00000031 com.ibm.ws.http.internal.VirtualHostImpl                     A CWWKT0016I: Web application available (default_host): http://129.3.171.193:9080/openapi/ui/
[9/13/20 21:57:03:907 EDT] 00000026 com.ibm.ws.session.WASSessionCore                            I SESN0176I: A new session context will be created for application key default_host/ibm/api
[9/13/20 21:57:03:908 EDT] 00000021 com.ibm.ws.session.WASSessionCore                            I SESN0176I: A new session context will be created for application key default_host/health
[9/13/20 21:57:03:908 EDT] 0000002d com.ibm.ws.session.WASSessionCore                            I SESN0176I: A new session context will be created for application key default_host/openapi
[9/13/20 21:57:03:909 EDT] 0000002f com.ibm.ws.session.WASSessionCore                            I SESN0176I: A new session context will be created for application key default_host/metrics
[9/13/20 21:57:03:909 EDT] 00000032 com.ibm.ws.session.WASSessionCore                            I SESN0176I: A new session context will be created for application key default_host/openapi/ui
[9/13/20 21:57:03:909 EDT] 0000002c com.ibm.ws.session.WASSessionCore                            I SESN0176I: A new session context will be created for application key default_host/jwt
[9/13/20 21:57:03:922 EDT] 00000026 com.ibm.ws.util                                              I SESN0172I: The session manager is using the Java default SecureRandom implementation for session ID generation.
[9/13/20 21:57:03:957 EDT] 0000002c com.ibm.ws.util                                              I SESN0172I: The session manager is using the Java default SecureRandom implementation for session ID generation.
[9/13/20 21:57:03:963 EDT] 00000032 com.ibm.ws.util                                              I SESN0172I: The session manager is using the Java default SecureRandom implementation for session ID generation.
[9/13/20 21:57:03:968 EDT] 0000002f com.ibm.ws.util                                              I SESN0172I: The session manager is using the Java default SecureRandom implementation for session ID generation.
[9/13/20 21:57:03:971 EDT] 0000002d com.ibm.ws.util                                              I SESN0172I: The session manager is using the Java default SecureRandom implementation for session ID generation.
[9/13/20 21:57:03:977 EDT] 00000021 com.ibm.ws.util                                              I SESN0172I: The session manager is using the Java default SecureRandom implementation for session ID generation.
[9/13/20 21:57:03:980 EDT] 00000032 com.ibm.ws.cache.CacheServiceImpl                            I DYNA1056I: Dynamic Cache (object cache) initialized successfully.
[9/13/20 21:57:04:079 EDT] 0000002f com.ibm.ws.webcontainer.servlet                              I SRVE0242I: [com.ibm.ws.microprofile.metrics.private] [/metrics] [PrivateMetricsRESTProxyServlet]: Initialization successful.
[9/13/20 21:57:04:089 EDT] 0000002d com.ibm.ws.webcontainer.servlet                              I SRVE0242I: [com.ibm.ws.microprofile.openapi] [/openapi] [OpenAPIServlet]: Initialization successful.
[9/13/20 21:57:04:097 EDT] 00000021 com.ibm.ws.webcontainer.servlet                              I SRVE0242I: [com.ibm.ws.microprofile.health.2.0] [/health] [HealthCheckReadinessServlet]: Initialization successful.
[9/13/20 21:57:04:099 EDT] 00000021 com.ibm.ws.webcontainer.servlet                              I SRVE0242I: [com.ibm.ws.microprofile.health.2.0] [/health] [HealthCheckServlet]: Initialization successful.
[9/13/20 21:57:04:099 EDT] 00000021 com.ibm.ws.webcontainer.servlet                              I SRVE0242I: [com.ibm.ws.microprofile.health.2.0] [/health] [HealthCheckLivenessServlet]: Initialization successful.
[9/13/20 21:57:04:338 EDT] 00000022 com.ibm.ws.microprofile.openapi.ApplicationProcessor         I CWWKO1660I: The application starter-app was processed and an OpenAPI document was produced.
[9/13/20 21:57:04:429 EDT] 00000022 org.jboss.weld.Version                                       I WELD-000900: 3.1.4 (Final)
[9/13/20 21:57:04:533 EDT] 00000031 com.ibm.ws.webcontainer.osgi.mbeans.PluginGenerator          I SRVE9103I: A configuration file for a web server plugin was automatically generated for this server at C:\Users\miyug\GitHubRepositry\quiz-maker\target\liberty\wlp\usr\servers\defaultServer\logs\state\plugin-cfg.xml.
[9/13/20 21:57:06:769 EDT] 00000022 com.ibm.ws.webcontainer.osgi.webapp.WebGroup                 I SRVE0169I: Loading Web Module: starter-app.
[9/13/20 21:57:06:769 EDT] 00000022 com.ibm.ws.webcontainer                                      I SRVE0250I: Web Module starter-app has been bound to default_host.
[9/13/20 21:57:06:769 EDT] 00000022 com.ibm.ws.http.internal.VirtualHostImpl                     A CWWKT0016I: Web application available (default_host): http://129.3.171.193:9080/
[9/13/20 21:57:06:774 EDT] 0000002e com.ibm.ws.session.WASSessionCore                            I SESN0176I: A new session context will be created for application key default_host/
[9/13/20 21:57:06:777 EDT] 0000002e com.ibm.ws.util                                              I SESN0172I: The session manager is using the Java default SecureRandom implementation for session ID generation.
[9/13/20 21:57:06:807 EDT] 0000002e com.ibm.ws.app.manager.AppMessageHelper                      A CWWKZ0001I: Application starter-app started in 3.394 seconds.
[9/13/20 21:57:06:852 EDT] 00000020 com.ibm.ws.tcpchannel.internal.TCPPort                       I CWWKO0219I: TCP Channel defaultHttpEndpoint has been started and is now listening for requests on host *  (IPv6) port 9080.
[9/13/20 21:57:06:854 EDT] 00000020 com.ibm.ws.tcpchannel.internal.TCPPort                       I CWWKO0219I: TCP Channel defaultHttpEndpoint-ssl has been started and is now listening for requests on host *  (IPv6) port 9443.
[9/13/20 21:57:06:862 EDT] 00000020 com.ibm.ws.kernel.feature.internal.FeatureManager            A CWWKF0012I: The server installed the following features: [appSecurity-2.0, cdi-2.0, concurrent-1.0, distributedMap-1.0, jaxrs-2.1, jaxrsClient-2.1, jndi-1.0, json-1.0, jsonb-1.0, jsonp-1.1, jwt-1.0, microProfile-3.2, mpConfig-1.3, mpFaultTolerance-2.0, mpHealth-2.1, mpJwt-1.1, mpMetrics-2.2, mpOpenAPI-1.1, mpOpenTracing-1.3, mpRestClient-1.3, opentracing-1.3, servlet-4.0, ssl-1.0].
[9/13/20 21:57:06:863 EDT] 00000020 com.ibm.ws.kernel.feature.internal.FeatureManager            I CWWKF0008I: Feature update completed in 7.388 seconds.
[9/13/20 21:57:06:863 EDT] 00000020 com.ibm.ws.kernel.feature.internal.FeatureManager            A CWWKF0011I: The defaultServer server is ready to run a smarter planet. The defaultServer server started in 8.470 seconds.
[9/13/20 21:57:07:071 EDT] 00000022 com.ibm.ws.webcontainer.osgi.mbeans.PluginGenerator          I SRVE9103I: A configuration file for a web server plugin was automatically generated for this server at C:\Users\miyug\GitHubRepositry\quiz-maker\target\liberty\wlp\usr\servers\defaultServer\logs\state\plugin-cfg.xml.
[9/13/20 21:57:13:333 EDT] 00000025 com.ibm.ws.webcontainer.extension                            W SRVE0190E: File not found: /artists
[9/14/20 2:55:05:961 EDT] 00000012 com.ibm.ws.kernel.launch.internal.ServerCommandListener      A CWWKE0055I: Server shutdown requested on Monday, September 14, 2020 at 2:55 AM. The server defaultServer is shutting down.
[9/14/20 2:55:06:216 EDT] 00000362 com.ibm.ws.runtime.update.internal.RuntimeUpdateManagerImpl  A CWWKE1100I: Waiting for up to 30 seconds for the server to quiesce.
[9/14/20 2:55:06:323 EDT] 00000359 com.ibm.ws.tcpchannel.internal.TCPChannel                    I CWWKO0220I: TCP Channel defaultHttpEndpoint-ssl has stopped listening for requests on host *  (IPv6) port 9443.
[9/14/20 2:55:06:351 EDT] 00000359 com.ibm.ws.tcpchannel.internal.TCPChannel                    I CWWKO0220I: TCP Channel defaultHttpEndpoint has stopped listening for requests on host *  (IPv6) port 9080.
[9/14/20 2:55:06:352 EDT] 00000359 com.ibm.ws.http.internal.VirtualHostImpl                     A CWWKT0017I: Web application removed (default_host): http://129.3.171.193:9080/jwt/
[9/14/20 2:55:06:355 EDT] 00000359 com.ibm.ws.http.internal.VirtualHostImpl                     A CWWKT0017I: Web application removed (default_host): http://129.3.171.193:9080/openapi/ui/
[9/14/20 2:55:06:357 EDT] 00000359 com.ibm.ws.http.internal.VirtualHostImpl                     A CWWKT0017I: Web application removed (default_host): http://129.3.171.193:9080/metrics/
[9/14/20 2:55:06:358 EDT] 00000359 com.ibm.ws.http.internal.VirtualHostImpl                     A CWWKT0017I: Web application removed (default_host): http://129.3.171.193:9080/health/
[9/14/20 2:55:06:361 EDT] 00000359 com.ibm.ws.http.internal.VirtualHostImpl                     A CWWKT0017I: Web application removed (default_host): http://129.3.171.193:9080/
[9/14/20 2:55:06:361 EDT] 00000359 com.ibm.ws.http.internal.VirtualHostImpl                     A CWWKT0017I: Web application removed (default_host): http://129.3.171.193:9080/ibm/api/
[9/14/20 2:55:06:361 EDT] 00000359 com.ibm.ws.http.internal.VirtualHostImpl                     A CWWKT0017I: Web application removed (default_host): http://129.3.171.193:9080/openapi/
[9/14/20 2:55:07:386 EDT] 00000362 com.ibm.ws.runtime.update.internal.RuntimeUpdateManagerImpl  I CWWKE1101I: Server quiesce complete.
[9/14/20 2:55:07:754 EDT] 0000031f com.ibm.ws.app.manager.AppMessageHelper                      A CWWKZ0009I: The application starter-app has stopped successfully.
[9/14/20 2:55:07:864 EDT] 00000362 com.ibm.ws.webcontainer.servlet                              I SRVE0253I: [com.ibm.ws.microprofile.metrics.private] [/metrics] [PrivateMetricsRESTProxyServlet]: Destroy successful.
[9/14/20 2:55:07:883 EDT] 00000362 com.ibm.ws.webcontainer.servlet                              I SRVE0253I: [com.ibm.ws.microprofile.health.2.0] [/health] [HealthCheckReadinessServlet]: Destroy successful.
[9/14/20 2:55:07:884 EDT] 00000362 com.ibm.ws.webcontainer.servlet                              I SRVE0253I: [com.ibm.ws.microprofile.health.2.0] [/health] [HealthCheckLivenessServlet]: Destroy successful.
[9/14/20 2:55:07:884 EDT] 00000362 com.ibm.ws.webcontainer.servlet                              I SRVE0253I: [com.ibm.ws.microprofile.health.2.0] [/health] [HealthCheckServlet]: Destroy successful.
[9/14/20 2:55:07:899 EDT] 00000362 com.ibm.ws.webcontainer.servlet                              I SRVE0253I: [com.ibm.ws.microprofile.openapi] [/openapi] [OpenAPIServlet]: Destroy successful.
[9/14/20 2:55:08:280 EDT] 00000362 com.ibm.ws.security.ready.internal.SecurityReadyServiceImpl  I CWWKS0009I: The security service has stopped.
[9/14/20 2:55:08:341 EDT] 00000362 ibm.ws.security.authentication.internal.jaas.JAASServiceImpl I CWWKS1124I: The collective authentication plugin with class name NullCollectiveAuthenticationPlugin has been deactivated. 
[9/14/20 2:55:08:362 EDT] 00000362 .ws.security.mp.jwt.v11.config.impl.MpConfigProxyServiceImpl I CWWKS5777I: The MicroProfile JWT version 1.1 mpConfigProxy deactivated successfully.
[9/14/20 2:55:08:366 EDT] 00000362 com.ibm.ws.security.mp.jwt.impl.MicroProfileJwtConfigImpl    I CWWKS5502I: The MicroProfile JWT configuration [defaultMpJwt] was successfully deactivated.
[9/14/20 2:55:08:367 EDT] 00000362 com.ibm.ws.security.mp.jwt.impl.MicroProfileJwtServiceImpl   I CWWKS5502I: The MicroProfile JWT configuration [MicroProfileJwtService] was successfully deactivated.
[9/14/20 2:55:09:313 EDT] 00000001 com.ibm.ws.kernel.launch.internal.FrameworkManager           A CWWKE0036I: The server defaultServer stopped after 4 hours, 58 minutes, 10.913 seconds.
