********************************************************************************
product = Open Liberty 20.0.0.9 (wlp-1.0.44.cl200920200820-0913)
wlp.install.dir = /home/matt/Git Repositories/quiz-maker/target/liberty/wlp/
java.home = /home/matt/Apps/idea-IU-192.6817.14/jbr
java.version = 11.0.4
java.runtime = OpenJDK Runtime Environment (11.0.4+10-b304.69)
os = Linux (4.15.0-117-generic; amd64) (en_US)
process = 16374@MacBookPro
********************************************************************************
[9/13/20, 21:37:49:843 EDT] 00000001 com.ibm.ws.kernel.launch.internal.FrameworkManager           A CWWKE0001I: The server defaultServer has been launched.
[9/13/20, 21:37:50:811 EDT] 00000017 com.ibm.ws.config.xml.internal.ServerXMLConfiguration        A CWWKG0093A: Processing configuration drop-ins resource: /home/matt/Git Repositories/quiz-maker/target/liberty/wlp/usr/servers/defaultServer/configDropins/overrides/liberty-plugin-variable-config.xml
[9/13/20, 21:37:51:234 EDT] 00000001 com.ibm.ws.kernel.launch.internal.FrameworkManager           I CWWKE0002I: The kernel started after 1.678 seconds
[9/13/20, 21:37:51:304 EDT] 00000022 com.ibm.ws.kernel.feature.internal.FeatureManager            I CWWKF0007I: Feature update started.
[9/13/20, 21:37:53:073 EDT] 00000022 com.ibm.ws.config.xml.internal.ConfigUpdater                 E CWWKG0075E: The value  is not valid for attribute httpPort of configuration element httpEndpoint. The validation message was: Value "" is not a number..
[9/13/20, 21:37:53:195 EDT] 00000018 .apache.cxf.cxf.core.3.2:1.0.44.cl200920200820-0913(id=152)] I Aries Blueprint packages not available. So namespaces will not be registered
[9/13/20, 21:37:53:198 EDT] 00000018 .apache.cxf.cxf.core.3.2:1.0.44.cl200920200820-0913(id=152)] I Aries Blueprint packages not available. So namespaces will not be registered
[9/13/20, 21:37:53:270 EDT] 00000016 com.ibm.ws.security.ready.internal.SecurityReadyServiceImpl  I CWWKS0007I: The security service is starting...
[9/13/20, 21:37:53:671 EDT] 0000001a com.ibm.ws.app.manager.internal.monitor.DropinMonitor        A CWWKZ0058I: Monitoring dropins for applications.
[9/13/20, 21:37:54:058 EDT] 00000019 com.ibm.ws.cache.ServerCache                                 I DYNA1001I: WebSphere Dynamic Cache instance named baseCache initialized successfully.
[9/13/20, 21:37:54:061 EDT] 00000019 com.ibm.ws.cache.ServerCache                                 I DYNA1071I: The cache provider default is being used.
[9/13/20, 21:37:54:070 EDT] 00000019 com.ibm.ws.cache.CacheServiceImpl                            I DYNA1056I: Dynamic Cache (object cache) initialized successfully.
[9/13/20, 21:37:54:712 EDT] 0000001e com.ibm.ws.ssl.config.WSKeyStore                             A CWPKI0820A: The default keystore has been created using the 'keystore_password' environment variable.
[9/13/20, 21:37:54:798 EDT] 00000028 com.ibm.ws.security.token.ltpa.internal.LTPAKeyCreateTask    I CWWKS4105I: LTPA configuration is ready after 0.048 seconds.
[9/13/20, 21:37:54:836 EDT] 00000016 ibm.ws.security.authentication.internal.jaas.JAASServiceImpl I CWWKS1123I: The collective authentication plugin with class name NullCollectiveAuthenticationPlugin has been activated. 
[9/13/20, 21:37:55:111 EDT] 00000016 com.ibm.ws.security.jwt.internal.ConsumerImpl                I CWWKS6012I: The JSON Web Token (JWT) consumer service is available.
[9/13/20, 21:37:55:132 EDT] 00000016 com.ibm.ws.security.jwt.web.JwtEndpointServices              I CWWKS6002I: The JSON Web Token (JWT) endpoint service is available.
[9/13/20, 21:37:55:202 EDT] 00000016 .ws.security.mp.jwt.v11.config.impl.MpConfigProxyServiceImpl I CWWKS5775I: The MicroProfile JWT version 1.1 mpConfigProxy processed successfully.
[9/13/20, 21:37:55:223 EDT] 00000016 com.ibm.ws.security.mp.jwt.impl.MicroProfileJwtServiceImpl   I CWWKS5500I: The MicroProfile JWT configuration [MicroProfileJwtService] was successfully processed.
[9/13/20, 21:37:55:227 EDT] 00000016 SystemOut                                                    O Failed to find runtime version
[9/13/20, 21:37:55:230 EDT] 00000016 com.ibm.ws.security.mp.jwt.impl.MicroProfileJwtConfigImpl    I CWWKS5500I: The MicroProfile JWT configuration [defaultMpJwt] was successfully processed.
[9/13/20, 21:37:55:278 EDT] 0000001e com.ibm.ws.ssl.config.WSKeyStore                             I Successfully loaded default keystore: /home/matt/Git Repositories/quiz-maker/target/liberty/wlp/usr/servers/defaultServer/resources/security/key.p12 of type: PKCS12
[9/13/20, 21:37:55:538 EDT] 00000016 com.ibm.ws.session.WASSessionCore                            I SESN8501I: The session manager did not find a persistent storage location; HttpSession objects will be stored in the local application server's memory.
[9/13/20, 21:37:56:369 EDT] 00000026 com.ibm.ws.webcontainer.osgi.webapp.WebGroup                 I SRVE0169I: Loading Web Module: health.
[9/13/20, 21:37:56:373 EDT] 00000026 com.ibm.ws.webcontainer                                      I SRVE0250I: Web Module health has been bound to default_host.
[9/13/20, 21:37:56:375 EDT] 00000023 com.ibm.ws.webcontainer.osgi.webapp.WebGroup                 I SRVE0169I: Loading Web Module: PrivateMicroProfileMetrics.
[9/13/20, 21:37:56:375 EDT] 00000023 com.ibm.ws.webcontainer                                      I SRVE0250I: Web Module PrivateMicroProfileMetrics has been bound to default_host.
[9/13/20, 21:37:56:379 EDT] 00000027 com.ibm.ws.webcontainer.osgi.webapp.WebGroup                 I SRVE0169I: Loading Web Module: ibm/api.
[9/13/20, 21:37:56:380 EDT] 00000027 com.ibm.ws.webcontainer                                      I SRVE0250I: Web Module ibm/api has been bound to default_host.
[9/13/20, 21:37:56:375 EDT] 0000002b com.ibm.ws.webcontainer.osgi.webapp.WebGroup                 I SRVE0169I: Loading Web Module: OpenAPIUI.
[9/13/20, 21:37:56:381 EDT] 0000002b com.ibm.ws.webcontainer                                      I SRVE0250I: Web Module OpenAPIUI has been bound to default_host.
[9/13/20, 21:37:56:408 EDT] 00000028 com.ibm.ws.webcontainer.osgi.webapp.WebGroup                 I SRVE0169I: Loading Web Module: com.ibm.ws.security.jwt.
[9/13/20, 21:37:56:408 EDT] 00000028 com.ibm.ws.webcontainer                                      I SRVE0250I: Web Module com.ibm.ws.security.jwt has been bound to default_host.
[9/13/20, 21:37:56:429 EDT] 00000029 com.ibm.ws.webcontainer.osgi.webapp.WebGroup                 I SRVE0169I: Loading Web Module: MicroProfileOpenAPI.
[9/13/20, 21:37:56:429 EDT] 00000029 com.ibm.ws.webcontainer                                      I SRVE0250I: Web Module MicroProfileOpenAPI has been bound to default_host.
[9/13/20, 21:37:56:454 EDT] 00000027 com.ibm.ws.app.manager.AppMessageHelper                      I CWWKZ0018I: Starting application starter-app.
[9/13/20, 21:37:56:455 EDT] 00000027 bm.ws.app.manager.war.internal.WARDeployedAppInfoFactoryImpl I CWWKZ0134I: The starter-app application is using the loose application definition at the /home/matt/Git Repositories/quiz-maker/target/liberty/wlp/usr/servers/defaultServer/apps/starter-app.war.xml location.
[9/13/20, 21:37:56:523 EDT] 0000002b com.ibm.ws.session.WASSessionCore                            I SESN0176I: A new session context will be created for application key default_host/ibm/api
[9/13/20, 21:37:56:527 EDT] 00000023 com.ibm.ws.session.WASSessionCore                            I SESN0176I: A new session context will be created for application key default_host/health
[9/13/20, 21:37:56:527 EDT] 00000026 com.ibm.ws.session.WASSessionCore                            I SESN0176I: A new session context will be created for application key default_host/metrics
[9/13/20, 21:37:56:528 EDT] 00000028 com.ibm.ws.session.WASSessionCore                            I SESN0176I: A new session context will be created for application key default_host/openapi/ui
[9/13/20, 21:37:56:572 EDT] 0000002b com.ibm.ws.util                                              I SESN0172I: The session manager is using the Java default SecureRandom implementation for session ID generation.
[9/13/20, 21:37:56:599 EDT] 00000028 com.ibm.ws.util                                              I SESN0172I: The session manager is using the Java default SecureRandom implementation for session ID generation.
[9/13/20, 21:37:56:618 EDT] 00000026 com.ibm.ws.util                                              I SESN0172I: The session manager is using the Java default SecureRandom implementation for session ID generation.
[9/13/20, 21:37:56:620 EDT] 00000023 com.ibm.ws.util                                              I SESN0172I: The session manager is using the Java default SecureRandom implementation for session ID generation.
[9/13/20, 21:37:56:626 EDT] 00000025 com.ibm.ws.session.WASSessionCore                            I SESN0176I: A new session context will be created for application key default_host/jwt
[9/13/20, 21:37:56:629 EDT] 00000025 com.ibm.ws.util                                              I SESN0172I: The session manager is using the Java default SecureRandom implementation for session ID generation.
[9/13/20, 21:37:56:636 EDT] 00000028 com.ibm.ws.cache.CacheServiceImpl                            I DYNA1056I: Dynamic Cache (object cache) initialized successfully.
[9/13/20, 21:37:56:798 EDT] 00000025 com.ibm.ws.session.WASSessionCore                            I SESN0176I: A new session context will be created for application key default_host/openapi
[9/13/20, 21:37:56:798 EDT] 00000025 com.ibm.ws.util                                              I SESN0172I: The session manager is using the Java default SecureRandom implementation for session ID generation.
[9/13/20, 21:37:56:967 EDT] 00000023 com.ibm.ws.webcontainer.servlet                              I SRVE0242I: [com.ibm.ws.microprofile.health.2.0] [/health] [HealthCheckReadinessServlet]: Initialization successful.
[9/13/20, 21:37:56:982 EDT] 00000023 com.ibm.ws.webcontainer.servlet                              I SRVE0242I: [com.ibm.ws.microprofile.health.2.0] [/health] [HealthCheckServlet]: Initialization successful.
[9/13/20, 21:37:56:985 EDT] 00000026 com.ibm.ws.webcontainer.servlet                              I SRVE0242I: [com.ibm.ws.microprofile.metrics.private] [/metrics] [PrivateMetricsRESTProxyServlet]: Initialization successful.
[9/13/20, 21:37:56:995 EDT] 00000025 com.ibm.ws.webcontainer.servlet                              I SRVE0242I: [com.ibm.ws.microprofile.openapi] [/openapi] [OpenAPIServlet]: Initialization successful.
[9/13/20, 21:37:56:983 EDT] 00000023 com.ibm.ws.webcontainer.servlet                              I SRVE0242I: [com.ibm.ws.microprofile.health.2.0] [/health] [HealthCheckLivenessServlet]: Initialization successful.
[9/13/20, 21:37:57:200 EDT] 00000029 com.ibm.ws.webcontainer.osgi.mbeans.PluginGenerator          I SRVE9103I: A configuration file for a web server plugin was automatically generated for this server at /home/matt/Git Repositories/quiz-maker/target/liberty/wlp/usr/servers/defaultServer/logs/state/plugin-cfg.xml.
[9/13/20, 21:37:57:431 EDT] 00000027 org.jboss.weld.Version                                       I WELD-000900: 3.1.4 (Final)
[9/13/20, 21:37:59:482 EDT] 00000027 com.ibm.ws.webcontainer.osgi.webapp.WebGroup                 I SRVE0169I: Loading Web Module: starter-app.
[9/13/20, 21:37:59:482 EDT] 00000027 com.ibm.ws.webcontainer                                      I SRVE0250I: Web Module starter-app has been bound to default_host.
[9/13/20, 21:37:59:486 EDT] 00000025 com.ibm.ws.session.WASSessionCore                            I SESN0176I: A new session context will be created for application key default_host/mongo
[9/13/20, 21:37:59:486 EDT] 00000025 com.ibm.ws.util                                              I SESN0172I: The session manager is using the Java default SecureRandom implementation for session ID generation.
[9/13/20, 21:37:59:531 EDT] 00000025 com.ibm.ws.app.manager.AppMessageHelper                      A CWWKZ0001I: Application starter-app started in 3.077 seconds.
[9/13/20, 21:37:59:580 EDT] 00000022 com.ibm.ws.kernel.feature.internal.FeatureManager            A CWWKF0012I: The server installed the following features: [appSecurity-2.0, cdi-2.0, concurrent-1.0, distributedMap-1.0, jaxrs-2.1, jaxrsClient-2.1, jndi-1.0, json-1.0, jsonb-1.0, jsonp-1.1, jwt-1.0, microProfile-3.2, mpConfig-1.3, mpFaultTolerance-2.0, mpHealth-2.1, mpJwt-1.1, mpMetrics-2.2, mpOpenAPI-1.1, mpOpenTracing-1.3, mpRestClient-1.3, opentracing-1.3, servlet-4.0, ssl-1.0].
[9/13/20, 21:37:59:581 EDT] 00000022 com.ibm.ws.kernel.feature.internal.FeatureManager            I CWWKF0008I: Feature update completed in 8.341 seconds.
[9/13/20, 21:37:59:582 EDT] 00000022 com.ibm.ws.kernel.feature.internal.FeatureManager            A CWWKF0011I: The defaultServer server is ready to run a smarter planet. The defaultServer server started in 10.029 seconds.
[9/13/20, 21:37:59:599 EDT] 00000028 com.ibm.ws.webcontainer.osgi.mbeans.PluginGenerator          I SRVE9103I: A configuration file for a web server plugin was automatically generated for this server at /home/matt/Git Repositories/quiz-maker/target/liberty/wlp/usr/servers/defaultServer/logs/state/plugin-cfg.xml.
[9/13/20, 21:38:02:789 EDT] 00000027 com.ibm.ws.app.manager.AppMessageHelper                      A CWWKZ0009I: The application starter-app has stopped successfully.
[9/13/20, 21:38:02:794 EDT] 00000027 com.ibm.ws.app.manager.AppMessageHelper                      I CWWKZ0018I: Starting application starter-app.
[9/13/20, 21:38:02:795 EDT] 00000027 bm.ws.app.manager.war.internal.WARDeployedAppInfoFactoryImpl I CWWKZ0134I: The starter-app application is using the loose application definition at the /home/matt/Git Repositories/quiz-maker/target/liberty/wlp/usr/servers/defaultServer/apps/starter-app.war.xml location.
[9/13/20, 21:38:02:873 EDT] 0000002b com.ibm.ws.webcontainer.osgi.mbeans.PluginGenerator          I SRVE9103I: A configuration file for a web server plugin was automatically generated for this server at /home/matt/Git Repositories/quiz-maker/target/liberty/wlp/usr/servers/defaultServer/logs/state/plugin-cfg.xml.
[9/13/20, 21:38:03:542 EDT] 00000027 com.ibm.ws.webcontainer.osgi.webapp.WebGroup                 I SRVE0169I: Loading Web Module: starter-app.
[9/13/20, 21:38:03:542 EDT] 00000027 com.ibm.ws.webcontainer                                      I SRVE0250I: Web Module starter-app has been bound to default_host.
[9/13/20, 21:38:03:544 EDT] 00000023 com.ibm.ws.session.WASSessionCore                            I SESN0176I: A new session context will be created for application key default_host/mongo
[9/13/20, 21:38:03:545 EDT] 00000023 com.ibm.ws.util                                              I SESN0172I: The session manager is using the Java default SecureRandom implementation for session ID generation.
[9/13/20, 21:38:03:551 EDT] 00000023 com.ibm.ws.app.manager.AppMessageHelper                      A CWWKZ0003I: The application starter-app updated in 0.756 seconds.
[9/13/20, 21:38:03:641 EDT] 00000029 com.ibm.ws.webcontainer.osgi.mbeans.PluginGenerator          I SRVE9103I: A configuration file for a web server plugin was automatically generated for this server at /home/matt/Git Repositories/quiz-maker/target/liberty/wlp/usr/servers/defaultServer/logs/state/plugin-cfg.xml.
[9/13/20, 21:39:28:776 EDT] 00000029 com.ibm.ws.config.xml.internal.ConfigRefresher               A CWWKG0016I: Starting server configuration update.
[9/13/20, 21:39:28:777 EDT] 00000029 com.ibm.ws.config.xml.internal.ServerXMLConfiguration        A CWWKG0093A: Processing configuration drop-ins resource: /home/matt/Git Repositories/quiz-maker/target/liberty/wlp/usr/servers/defaultServer/configDropins/overrides/liberty-plugin-variable-config.xml
[9/13/20, 21:39:28:847 EDT] 00000029 com.ibm.ws.config.xml.internal.ConfigRefresher               A CWWKG0017I: The server configuration was successfully updated in 0.071 seconds.
[9/13/20, 21:39:29:550 EDT] 00000029 com.ibm.ws.config.xml.internal.ConfigRefresher               A CWWKG0016I: Starting server configuration update.
[9/13/20, 21:39:29:552 EDT] 00000029 com.ibm.ws.config.xml.internal.ServerXMLConfiguration        A CWWKG0093A: Processing configuration drop-ins resource: /home/matt/Git Repositories/quiz-maker/target/liberty/wlp/usr/servers/defaultServer/configDropins/overrides/liberty-plugin-variable-config.xml
[9/13/20, 21:39:29:560 EDT] 00000029 com.ibm.ws.config.xml.internal.ConfigUpdater                 E CWWKG0075E: The value  is not valid for attribute httpsPort of configuration element httpEndpoint. The validation message was: Value "" is not a number..
[9/13/20, 21:39:29:563 EDT] 00000022 com.ibm.ws.config.xml.internal.ConfigRefresher               A CWWKG0017I: The server configuration was successfully updated in 0.012 seconds.
[9/13/20, 21:39:35:768 EDT] 0000002b com.ibm.ws.config.xml.internal.ConfigRefresher               A CWWKG0016I: Starting server configuration update.
[9/13/20, 21:39:35:770 EDT] 0000002b com.ibm.ws.config.xml.internal.ServerXMLConfiguration        A CWWKG0093A: Processing configuration drop-ins resource: /home/matt/Git Repositories/quiz-maker/target/liberty/wlp/usr/servers/defaultServer/configDropins/overrides/liberty-plugin-variable-config.xml
[9/13/20, 21:39:35:828 EDT] 00000029 com.ibm.ws.config.xml.internal.ConfigRefresher               A CWWKG0017I: The server configuration was successfully updated in 0.060 seconds.
[9/13/20, 21:39:35:887 EDT] 00000027 com.ibm.ws.tcpchannel.internal.TCPPort                       I CWWKO0219I: TCP Channel defaultHttpEndpoint has been started and is now listening for requests on host *  (IPv6) port 9080.
[9/13/20, 21:39:35:906 EDT] 00000027 com.ibm.ws.http.internal.VirtualHostImpl                     A CWWKT0016I: Web application available (default_host): http://192.168.0.36:9080/jwt/
[9/13/20, 21:39:35:908 EDT] 00000027 com.ibm.ws.http.internal.VirtualHostImpl                     A CWWKT0016I: Web application available (default_host): http://192.168.0.36:9080/mongo/
[9/13/20, 21:39:35:908 EDT] 00000027 com.ibm.ws.http.internal.VirtualHostImpl                     A CWWKT0016I: Web application available (default_host): http://192.168.0.36:9080/openapi/ui/
[9/13/20, 21:39:35:910 EDT] 00000026 com.ibm.ws.webcontainer.osgi.mbeans.PluginGenerator          I SRVE9103I: A configuration file for a web server plugin was automatically generated for this server at /home/matt/Git Repositories/quiz-maker/target/liberty/wlp/usr/servers/defaultServer/logs/state/plugin-cfg.xml.
[9/13/20, 21:39:35:910 EDT] 00000027 com.ibm.ws.http.internal.VirtualHostImpl                     A CWWKT0016I: Web application available (default_host): http://192.168.0.36:9080/health/
[9/13/20, 21:39:35:911 EDT] 00000027 com.ibm.ws.http.internal.VirtualHostImpl                     A CWWKT0016I: Web application available (default_host): http://192.168.0.36:9080/metrics/
[9/13/20, 21:39:35:911 EDT] 00000027 com.ibm.ws.http.internal.VirtualHostImpl                     A CWWKT0016I: Web application available (default_host): http://192.168.0.36:9080/ibm/api/
[9/13/20, 21:39:35:912 EDT] 00000027 com.ibm.ws.http.internal.VirtualHostImpl                     A CWWKT0016I: Web application available (default_host): http://192.168.0.36:9080/openapi/
[9/13/20, 21:39:35:921 EDT] 00000027 com.ibm.ws.tcpchannel.internal.TCPPort                       I CWWKO0219I: TCP Channel defaultHttpEndpoint-ssl has been started and is now listening for requests on host *  (IPv6) port 9443.
[9/13/20, 21:39:58:595 EDT] 00000028 com.ibm.ws.webcontainer.extension                            W SRVE0190E: File not found: /system/resource
[9/13/20, 21:40:24:775 EDT] 00000022 .apache.cxf.cxf.core.3.2:1.0.44.cl200920200820-0913(id=152)] I Setting the server's publish address to be /starter/
[9/13/20, 21:40:24:875 EDT] 00000022 com.ibm.ws.webcontainer.servlet                              I SRVE0242I: [starter-app] [/mongo] [dev.microprofile.starter.StarterApplication]: Initialization successful.
[9/13/20, 21:40:24:959 EDT] 00000022 com.ibm.ws.opentracing.OpentracingUserFeatureAccessService   W CWMOT0010W: OpenTracing cannot track JAX-RS requests because an OpentracingTracerFactory class was not provided or client libraries for tracing backend are not in the class path.
[9/13/20, 21:40:25:267 EDT] 00000022 org.mongodb.driver.cluster                                   I Cluster created with settings {hosts=[localhost:27017], mode=SINGLE, requiredClusterType=UNKNOWN, serverSelectionTimeout='30000 ms', maxWaitQueueSize=500}
[9/13/20, 21:40:25:395 EDT] 00000022 org.mongodb.driver.cluster                                   I Cluster created with settings {hosts=[localhost:27017], mode=SINGLE, requiredClusterType=UNKNOWN, serverSelectionTimeout='30000 ms', maxWaitQueueSize=500}
[9/13/20, 21:40:25:463 EDT] 00000022 org.mongodb.driver.cluster                                   I Cluster description not yet available. Waiting for 30000 ms before timing out
[9/13/20, 21:40:25:493 EDT] 00000040 org.mongodb.driver.connection                                I Opened connection [connectionId{localValue:2, serverValue:32}] to localhost:27017
[9/13/20, 21:40:25:498 EDT] 0000003e org.mongodb.driver.connection                                I Opened connection [connectionId{localValue:1, serverValue:31}] to localhost:27017
[9/13/20, 21:40:25:508 EDT] 00000040 org.mongodb.driver.cluster                                   I Monitor thread successfully connected to server with description ServerDescription{address=localhost:27017, type=STANDALONE, state=CONNECTED, ok=true, version=ServerVersion{versionList=[4, 4, 1]}, minWireVersion=0, maxWireVersion=9, maxDocumentSize=16777216, logicalSessionTimeoutMinutes=30, roundTripTimeNanos=7299293}
[9/13/20, 21:40:25:509 EDT] 0000003e org.mongodb.driver.cluster                                   I Monitor thread successfully connected to server with description ServerDescription{address=localhost:27017, type=STANDALONE, state=CONNECTED, ok=true, version=ServerVersion{versionList=[4, 4, 1]}, minWireVersion=0, maxWireVersion=9, maxDocumentSize=16777216, logicalSessionTimeoutMinutes=30, roundTripTimeNanos=8453703}
[9/13/20, 21:40:25:899 EDT] 00000022 org.mongodb.driver.connection                                I Opened connection [connectionId{localValue:3, serverValue:33}] to localhost:27017
[9/13/20, 21:40:41:202 EDT] 00000026 org.mongodb.driver.cluster                                   I Cluster created with settings {hosts=[localhost:27017], mode=SINGLE, requiredClusterType=UNKNOWN, serverSelectionTimeout='30000 ms', maxWaitQueueSize=500}
[9/13/20, 21:40:41:205 EDT] 00000026 org.mongodb.driver.cluster                                   I Cluster created with settings {hosts=[localhost:27017], mode=SINGLE, requiredClusterType=UNKNOWN, serverSelectionTimeout='30000 ms', maxWaitQueueSize=500}
[9/13/20, 21:40:41:208 EDT] 00000026 org.mongodb.driver.cluster                                   I Cluster description not yet available. Waiting for 30000 ms before timing out
[9/13/20, 21:40:41:209 EDT] 00000042 org.mongodb.driver.connection                                I Opened connection [connectionId{localValue:4, serverValue:34}] to localhost:27017
[9/13/20, 21:40:41:210 EDT] 00000042 org.mongodb.driver.cluster                                   I Monitor thread successfully connected to server with description ServerDescription{address=localhost:27017, type=STANDALONE, state=CONNECTED, ok=true, version=ServerVersion{versionList=[4, 4, 1]}, minWireVersion=0, maxWireVersion=9, maxDocumentSize=16777216, logicalSessionTimeoutMinutes=30, roundTripTimeNanos=666655}
[9/13/20, 21:40:41:210 EDT] 00000044 org.mongodb.driver.connection                                I Opened connection [connectionId{localValue:5, serverValue:35}] to localhost:27017
[9/13/20, 21:40:41:212 EDT] 00000044 org.mongodb.driver.cluster                                   I Monitor thread successfully connected to server with description ServerDescription{address=localhost:27017, type=STANDALONE, state=CONNECTED, ok=true, version=ServerVersion{versionList=[4, 4, 1]}, minWireVersion=0, maxWireVersion=9, maxDocumentSize=16777216, logicalSessionTimeoutMinutes=30, roundTripTimeNanos=548384}
[9/13/20, 21:40:41:262 EDT] 00000026 org.mongodb.driver.connection                                I Opened connection [connectionId{localValue:6, serverValue:36}] to localhost:27017
[9/13/20, 21:41:50:199 EDT] 00000023 com.ibm.ws.http.internal.VirtualHostImpl                     A CWWKT0017I: Web application removed (default_host): http://192.168.0.36:9080/mongo/
[9/13/20, 21:41:50:202 EDT] 00000023 com.ibm.ws.webcontainer.servlet                              I SRVE0253I: [starter-app] [/mongo] [dev.microprofile.starter.StarterApplication]: Destroy successful.
[9/13/20, 21:41:50:235 EDT] 00000023 com.ibm.ws.app.manager.AppMessageHelper                      A CWWKZ0009I: The application starter-app has stopped successfully.
[9/13/20, 21:41:50:253 EDT] 00000023 com.ibm.ws.app.manager.AppMessageHelper                      I CWWKZ0018I: Starting application starter-app.
[9/13/20, 21:41:50:253 EDT] 00000023 bm.ws.app.manager.war.internal.WARDeployedAppInfoFactoryImpl I CWWKZ0134I: The starter-app application is using the loose application definition at the /home/matt/Git Repositories/quiz-maker/target/liberty/wlp/usr/servers/defaultServer/apps/starter-app.war.xml location.
[9/13/20, 21:41:50:351 EDT] 0000002b com.ibm.ws.webcontainer.osgi.mbeans.PluginGenerator          I SRVE9103I: A configuration file for a web server plugin was automatically generated for this server at /home/matt/Git Repositories/quiz-maker/target/liberty/wlp/usr/servers/defaultServer/logs/state/plugin-cfg.xml.
[9/13/20, 21:41:51:225 EDT] 00000023 com.ibm.ws.microprofile.openapi.ApplicationProcessor         I CWWKO1660I: The application starter-app was processed and an OpenAPI document was produced.
[9/13/20, 21:41:51:227 EDT] 00000023 com.ibm.ws.webcontainer.osgi.webapp.WebGroup                 I SRVE0169I: Loading Web Module: starter-app.
[9/13/20, 21:41:51:227 EDT] 00000023 com.ibm.ws.webcontainer                                      I SRVE0250I: Web Module starter-app has been bound to default_host.
[9/13/20, 21:41:51:227 EDT] 00000023 com.ibm.ws.http.internal.VirtualHostImpl                     A CWWKT0016I: Web application available (default_host): http://192.168.0.36:9080/mongo/
[9/13/20, 21:41:51:229 EDT] 00000047 com.ibm.ws.session.WASSessionCore                            I SESN0176I: A new session context will be created for application key default_host/mongo
[9/13/20, 21:41:51:229 EDT] 00000047 com.ibm.ws.util                                              I SESN0172I: The session manager is using the Java default SecureRandom implementation for session ID generation.
[9/13/20, 21:41:51:236 EDT] 00000047 com.ibm.ws.app.manager.AppMessageHelper                      A CWWKZ0003I: The application starter-app updated in 0.983 seconds.
[9/13/20, 21:41:51:313 EDT] 00000023 com.ibm.ws.webcontainer.osgi.mbeans.PluginGenerator          I SRVE9103I: A configuration file for a web server plugin was automatically generated for this server at /home/matt/Git Repositories/quiz-maker/target/liberty/wlp/usr/servers/defaultServer/logs/state/plugin-cfg.xml.
