********************************************************************************
product = Open Liberty 20.0.0.9 (wlp-1.0.44.cl200920200820-0913)
wlp.install.dir = D:/Programming Projects/quiz-maker/target/liberty/wlp/
java.home = C:\Program Files\Java\jdk-13.0.2
java.version = 13.0.2
java.runtime = Java(TM) SE Runtime Environment (13.0.2+8)
os = Windows 10 (10.0; amd64) (en_US)
process = 21376@LAPTOP-Q6GPI00K
********************************************************************************
[9/13/20, 20:13:25:586 EDT] 00000001 com.ibm.ws.kernel.launch.internal.FrameworkManager           A CWWKE0001I: The server defaultServer has been launched.
[9/13/20, 20:13:26:251 EDT] 00000001 com.ibm.ws.kernel.launch.internal.FrameworkManager           I CWWKE0002I: The kernel started after 0.82 seconds
[9/13/20, 20:13:26:276 EDT] 00000024 com.ibm.ws.kernel.feature.internal.FeatureManager            I CWWKF0007I: Feature update started.
[9/13/20, 20:13:26:456 EDT] 0000001c .apache.cxf.cxf.core.3.2:1.0.44.cl200920200820-0913(id=152)] I Aries Blueprint packages not available. So namespaces will not be registered
[9/13/20, 20:13:26:463 EDT] 0000001c .apache.cxf.cxf.core.3.2:1.0.44.cl200920200820-0913(id=152)] I Aries Blueprint packages not available. So namespaces will not be registered
[9/13/20, 20:13:26:499 EDT] 00000018 com.ibm.ws.security.ready.internal.SecurityReadyServiceImpl  I CWWKS0007I: The security service is starting...
[9/13/20, 20:13:26:656 EDT] 0000001b com.ibm.ws.app.manager.internal.monitor.DropinMonitor        A CWWKZ0058I: Monitoring dropins for applications.
[9/13/20, 20:13:26:751 EDT] 0000001b com.ibm.ws.cache.ServerCache                                 I DYNA1001I: WebSphere Dynamic Cache instance named baseCache initialized successfully.
[9/13/20, 20:13:26:754 EDT] 0000001b com.ibm.ws.cache.ServerCache                                 I DYNA1071I: The cache provider default is being used.
[9/13/20, 20:13:26:755 EDT] 0000001b com.ibm.ws.cache.CacheServiceImpl                            I DYNA1056I: Dynamic Cache (object cache) initialized successfully.
[9/13/20, 20:13:27:211 EDT] 00000020 com.ibm.ws.ssl.config.WSKeyStore                             A CWPKI0820A: The default keystore has been created using the 'keystore_password' environment variable.
[9/13/20, 20:13:27:244 EDT] 0000002f com.ibm.ws.security.token.ltpa.internal.LTPAKeyCreateTask    I CWWKS4105I: LTPA configuration is ready after 0.015 seconds.
[9/13/20, 20:13:27:257 EDT] 00000018 ibm.ws.security.authentication.internal.jaas.JAASServiceImpl I CWWKS1123I: The collective authentication plugin with class name NullCollectiveAuthenticationPlugin has been activated. 
[9/13/20, 20:13:27:444 EDT] 00000018 com.ibm.ws.security.jwt.internal.ConsumerImpl                I CWWKS6012I: The JSON Web Token (JWT) consumer service is available.
[9/13/20, 20:13:27:456 EDT] 00000020 com.ibm.ws.ssl.config.WSKeyStore                             I Successfully loaded default keystore: D:/Programming Projects/quiz-maker/target/liberty/wlp/usr/servers/defaultServer/resources/security/key.p12 of type: PKCS12
[9/13/20, 20:13:27:459 EDT] 00000018 com.ibm.ws.security.jwt.web.JwtEndpointServices              I CWWKS6002I: The JSON Web Token (JWT) endpoint service is available.
[9/13/20, 20:13:27:477 EDT] 00000018 .ws.security.mp.jwt.v11.config.impl.MpConfigProxyServiceImpl I CWWKS5775I: The MicroProfile JWT version 1.1 mpConfigProxy processed successfully.
[9/13/20, 20:13:27:493 EDT] 00000018 com.ibm.ws.security.mp.jwt.impl.MicroProfileJwtServiceImpl   I CWWKS5500I: The MicroProfile JWT configuration [MicroProfileJwtService] was successfully processed.
[9/13/20, 20:13:27:494 EDT] 00000018 SystemOut                                                    O Failed to find runtime version
[9/13/20, 20:13:27:495 EDT] 00000018 com.ibm.ws.security.mp.jwt.impl.MicroProfileJwtConfigImpl    I CWWKS5500I: The MicroProfile JWT configuration [defaultMpJwt] was successfully processed.
[9/13/20, 20:13:27:627 EDT] 00000018 com.ibm.ws.session.WASSessionCore                            I SESN8501I: The session manager did not find a persistent storage location; HttpSession objects will be stored in the local application server's memory.
[9/13/20, 20:13:27:927 EDT] 00000034 com.ibm.ws.app.manager.AppMessageHelper                      I CWWKZ0018I: Starting application starter-app.
[9/13/20, 20:13:27:929 EDT] 00000034 bm.ws.app.manager.war.internal.WARDeployedAppInfoFactoryImpl I CWWKZ0134I: The starter-app application is using the loose application definition at the D:\Programming Projects\quiz-maker\target\liberty\wlp\usr\servers\defaultServer\apps\starter-app.war.xml location.
[9/13/20, 20:13:28:167 EDT] 0000002f com.ibm.ws.webcontainer.osgi.webapp.WebGroup                 I SRVE0169I: Loading Web Module: ibm/api.
[9/13/20, 20:13:28:166 EDT] 0000002e com.ibm.ws.webcontainer.osgi.webapp.WebGroup                 I SRVE0169I: Loading Web Module: health.
[9/13/20, 20:13:28:166 EDT] 0000003c com.ibm.ws.webcontainer.osgi.webapp.WebGroup                 I SRVE0169I: Loading Web Module: com.ibm.ws.security.jwt.
[9/13/20, 20:13:28:165 EDT] 00000025 com.ibm.ws.webcontainer.osgi.webapp.WebGroup                 I SRVE0169I: Loading Web Module: MicroProfileOpenAPI.
[9/13/20, 20:13:28:165 EDT] 0000002d com.ibm.ws.webcontainer.osgi.webapp.WebGroup                 I SRVE0169I: Loading Web Module: PrivateMicroProfileMetrics.
[9/13/20, 20:13:28:166 EDT] 00000026 com.ibm.ws.webcontainer.osgi.webapp.WebGroup                 I SRVE0169I: Loading Web Module: OpenAPIUI.
[9/13/20, 20:13:28:168 EDT] 0000002d com.ibm.ws.webcontainer                                      I SRVE0250I: Web Module PrivateMicroProfileMetrics has been bound to default_host.
[9/13/20, 20:13:28:168 EDT] 0000002e com.ibm.ws.webcontainer                                      I SRVE0250I: Web Module health has been bound to default_host.
[9/13/20, 20:13:28:168 EDT] 00000026 com.ibm.ws.webcontainer                                      I SRVE0250I: Web Module OpenAPIUI has been bound to default_host.
[9/13/20, 20:13:28:168 EDT] 0000002f com.ibm.ws.webcontainer                                      I SRVE0250I: Web Module ibm/api has been bound to default_host.
[9/13/20, 20:13:28:168 EDT] 0000003c com.ibm.ws.webcontainer                                      I SRVE0250I: Web Module com.ibm.ws.security.jwt has been bound to default_host.
[9/13/20, 20:13:28:168 EDT] 00000025 com.ibm.ws.webcontainer                                      I SRVE0250I: Web Module MicroProfileOpenAPI has been bound to default_host.
[9/13/20, 20:13:28:169 EDT] 0000002d com.ibm.ws.http.internal.VirtualHostImpl                     A CWWKT0016I: Web application available (default_host): http://laptop-q6gpi00k:9080/metrics/
[9/13/20, 20:13:28:171 EDT] 00000025 com.ibm.ws.http.internal.VirtualHostImpl                     A CWWKT0016I: Web application available (default_host): http://laptop-q6gpi00k:9080/openapi/
[9/13/20, 20:13:28:171 EDT] 0000003c com.ibm.ws.http.internal.VirtualHostImpl                     A CWWKT0016I: Web application available (default_host): http://laptop-q6gpi00k:9080/jwt/
[9/13/20, 20:13:28:172 EDT] 0000002f com.ibm.ws.http.internal.VirtualHostImpl                     A CWWKT0016I: Web application available (default_host): http://laptop-q6gpi00k:9080/ibm/api/
[9/13/20, 20:13:28:173 EDT] 00000026 com.ibm.ws.http.internal.VirtualHostImpl                     A CWWKT0016I: Web application available (default_host): http://laptop-q6gpi00k:9080/openapi/ui/
[9/13/20, 20:13:28:174 EDT] 0000002e com.ibm.ws.http.internal.VirtualHostImpl                     A CWWKT0016I: Web application available (default_host): http://laptop-q6gpi00k:9080/health/
[9/13/20, 20:13:28:269 EDT] 00000026 com.ibm.ws.session.WASSessionCore                            I SESN0176I: A new session context will be created for application key default_host/openapi/ui
[9/13/20, 20:13:28:269 EDT] 00000035 com.ibm.ws.session.WASSessionCore                            I SESN0176I: A new session context will be created for application key default_host/openapi
[9/13/20, 20:13:28:269 EDT] 00000025 com.ibm.ws.session.WASSessionCore                            I SESN0176I: A new session context will be created for application key default_host/jwt
[9/13/20, 20:13:28:269 EDT] 0000002d com.ibm.ws.session.WASSessionCore                            I SESN0176I: A new session context will be created for application key default_host/ibm/api
[9/13/20, 20:13:28:270 EDT] 00000033 com.ibm.ws.session.WASSessionCore                            I SESN0176I: A new session context will be created for application key default_host/health
[9/13/20, 20:13:28:285 EDT] 00000026 com.ibm.ws.util                                              I SESN0172I: The session manager is using the Java default SecureRandom implementation for session ID generation.
[9/13/20, 20:13:28:292 EDT] 00000033 com.ibm.ws.util                                              I SESN0172I: The session manager is using the Java default SecureRandom implementation for session ID generation.
[9/13/20, 20:13:28:293 EDT] 0000002d com.ibm.ws.util                                              I SESN0172I: The session manager is using the Java default SecureRandom implementation for session ID generation.
[9/13/20, 20:13:28:295 EDT] 00000039 com.ibm.ws.session.WASSessionCore                            I SESN0176I: A new session context will be created for application key default_host/metrics
[9/13/20, 20:13:28:296 EDT] 00000039 com.ibm.ws.util                                              I SESN0172I: The session manager is using the Java default SecureRandom implementation for session ID generation.
[9/13/20, 20:13:28:296 EDT] 00000025 com.ibm.ws.util                                              I SESN0172I: The session manager is using the Java default SecureRandom implementation for session ID generation.
[9/13/20, 20:13:28:296 EDT] 00000035 com.ibm.ws.util                                              I SESN0172I: The session manager is using the Java default SecureRandom implementation for session ID generation.
[9/13/20, 20:13:28:307 EDT] 00000026 com.ibm.ws.cache.CacheServiceImpl                            I DYNA1056I: Dynamic Cache (object cache) initialized successfully.
[9/13/20, 20:13:28:381 EDT] 00000039 com.ibm.ws.webcontainer.servlet                              I SRVE0242I: [com.ibm.ws.microprofile.metrics.private] [/metrics] [PrivateMetricsRESTProxyServlet]: Initialization successful.
[9/13/20, 20:13:28:388 EDT] 00000035 com.ibm.ws.webcontainer.servlet                              I SRVE0242I: [com.ibm.ws.microprofile.openapi] [/openapi] [OpenAPIServlet]: Initialization successful.
[9/13/20, 20:13:28:397 EDT] 00000033 com.ibm.ws.webcontainer.servlet                              I SRVE0242I: [com.ibm.ws.microprofile.health.2.0] [/health] [HealthCheckReadinessServlet]: Initialization successful.
[9/13/20, 20:13:28:398 EDT] 00000033 com.ibm.ws.webcontainer.servlet                              I SRVE0242I: [com.ibm.ws.microprofile.health.2.0] [/health] [HealthCheckServlet]: Initialization successful.
[9/13/20, 20:13:28:399 EDT] 00000033 com.ibm.ws.webcontainer.servlet                              I SRVE0242I: [com.ibm.ws.microprofile.health.2.0] [/health] [HealthCheckLivenessServlet]: Initialization successful.
[9/13/20, 20:13:28:483 EDT] 00000034 com.ibm.ws.microprofile.openapi.ApplicationProcessor         I CWWKO1660I: The application starter-app was processed and an OpenAPI document was produced.
[9/13/20, 20:13:28:512 EDT] 00000034 org.jboss.weld.Version                                       I WELD-000900: 3.1.4 (Final)
[9/13/20, 20:13:29:365 EDT] 00000034 com.ibm.ws.webcontainer.osgi.webapp.WebGroup                 I SRVE0169I: Loading Web Module: starter-app.
[9/13/20, 20:13:29:366 EDT] 00000034 com.ibm.ws.webcontainer                                      I SRVE0250I: Web Module starter-app has been bound to default_host.
[9/13/20, 20:13:29:366 EDT] 00000034 com.ibm.ws.http.internal.VirtualHostImpl                     A CWWKT0016I: Web application available (default_host): http://laptop-q6gpi00k:9080/
[9/13/20, 20:13:29:368 EDT] 00000032 com.ibm.ws.session.WASSessionCore                            I SESN0176I: A new session context will be created for application key default_host/
[9/13/20, 20:13:29:369 EDT] 00000032 com.ibm.ws.util                                              I SESN0172I: The session manager is using the Java default SecureRandom implementation for session ID generation.
[9/13/20, 20:13:29:391 EDT] 00000032 com.ibm.ws.app.manager.AppMessageHelper                      A CWWKZ0001I: Application starter-app started in 1.464 seconds.
[9/13/20, 20:13:29:406 EDT] 00000036 com.ibm.ws.webcontainer.osgi.mbeans.PluginGenerator          I SRVE9103I: A configuration file for a web server plugin was automatically generated for this server at D:\Programming Projects\quiz-maker\target\liberty\wlp\usr\servers\defaultServer\logs\state\plugin-cfg.xml.
[9/13/20, 20:13:29:406 EDT] 00000024 com.ibm.ws.tcpchannel.internal.TCPPort                       I CWWKO0219I: TCP Channel defaultHttpEndpoint has been started and is now listening for requests on host *  (IPv6) port 9080.
[9/13/20, 20:13:29:409 EDT] 00000024 com.ibm.ws.tcpchannel.internal.TCPPort                       I CWWKO0219I: TCP Channel defaultHttpEndpoint-ssl has been started and is now listening for requests on host *  (IPv6) port 9443.
[9/13/20, 20:13:29:415 EDT] 00000024 com.ibm.ws.kernel.feature.internal.FeatureManager            A CWWKF0012I: The server installed the following features: [appSecurity-2.0, cdi-2.0, concurrent-1.0, distributedMap-1.0, jaxrs-2.1, jaxrsClient-2.1, jndi-1.0, json-1.0, jsonb-1.0, jsonp-1.1, jwt-1.0, microProfile-3.2, mpConfig-1.3, mpFaultTolerance-2.0, mpHealth-2.1, mpJwt-1.1, mpMetrics-2.2, mpOpenAPI-1.1, mpOpenTracing-1.3, mpRestClient-1.3, opentracing-1.3, servlet-4.0, ssl-1.0].
[9/13/20, 20:13:29:415 EDT] 00000024 com.ibm.ws.kernel.feature.internal.FeatureManager            I CWWKF0008I: Feature update completed in 3.165 seconds.
[9/13/20, 20:13:29:416 EDT] 00000024 com.ibm.ws.kernel.feature.internal.FeatureManager            A CWWKF0011I: The defaultServer server is ready to run a smarter planet. The defaultServer server started in 3.987 seconds.
[9/13/20, 20:13:29:617 EDT] 00000034 com.ibm.ws.webcontainer.osgi.mbeans.PluginGenerator          I SRVE9103I: A configuration file for a web server plugin was automatically generated for this server at D:\Programming Projects\quiz-maker\target\liberty\wlp\usr\servers\defaultServer\logs\state\plugin-cfg.xml.
[9/13/20, 20:13:32:414 EDT] 00000039 com.ibm.ws.http.internal.VirtualHostImpl                     A CWWKT0017I: Web application removed (default_host): http://laptop-q6gpi00k:9080/
[9/13/20, 20:13:32:435 EDT] 00000039 com.ibm.ws.app.manager.AppMessageHelper                      A CWWKZ0009I: The application starter-app has stopped successfully.
[9/13/20, 20:13:32:442 EDT] 00000039 com.ibm.ws.app.manager.AppMessageHelper                      I CWWKZ0018I: Starting application starter-app.
[9/13/20, 20:13:32:442 EDT] 00000039 bm.ws.app.manager.war.internal.WARDeployedAppInfoFactoryImpl I CWWKZ0134I: The starter-app application is using the loose application definition at the D:\Programming Projects\quiz-maker\target\liberty\wlp\usr\servers\defaultServer\apps\starter-app.war.xml location.
[9/13/20, 20:13:32:500 EDT] 00000039 com.ibm.ws.microprofile.openapi.ApplicationProcessor         I CWWKO1660I: The application starter-app was processed and an OpenAPI document was produced.
[9/13/20, 20:13:32:771 EDT] 00000039 com.ibm.ws.webcontainer.osgi.webapp.WebGroup                 I SRVE0169I: Loading Web Module: starter-app.
[9/13/20, 20:13:32:771 EDT] 00000039 com.ibm.ws.webcontainer                                      I SRVE0250I: Web Module starter-app has been bound to default_host.
[9/13/20, 20:13:32:771 EDT] 00000039 com.ibm.ws.http.internal.VirtualHostImpl                     A CWWKT0016I: Web application available (default_host): http://laptop-q6gpi00k:9080/
[9/13/20, 20:13:32:772 EDT] 0000003a com.ibm.ws.session.WASSessionCore                            I SESN0176I: A new session context will be created for application key default_host/
[9/13/20, 20:13:32:773 EDT] 0000003a com.ibm.ws.util                                              I SESN0172I: The session manager is using the Java default SecureRandom implementation for session ID generation.
[9/13/20, 20:13:32:776 EDT] 0000003a com.ibm.ws.app.manager.AppMessageHelper                      A CWWKZ0003I: The application starter-app updated in 0.333 seconds.
[9/13/20, 20:13:33:392 EDT] 00000024 com.ibm.ws.webcontainer.osgi.mbeans.PluginGenerator          I SRVE9103I: A configuration file for a web server plugin was automatically generated for this server at D:\Programming Projects\quiz-maker\target\liberty\wlp\usr\servers\defaultServer\logs\state\plugin-cfg.xml.
[9/13/20, 20:13:33:597 EDT] 00000034 com.ibm.ws.webcontainer.osgi.mbeans.PluginGenerator          I SRVE9103I: A configuration file for a web server plugin was automatically generated for this server at D:\Programming Projects\quiz-maker\target\liberty\wlp\usr\servers\defaultServer\logs\state\plugin-cfg.xml.
[9/13/20, 20:47:17:263 EDT] 00000015 com.ibm.ws.kernel.launch.internal.FrameworkManager           A CWWKE0085I: The server defaultServer is stopping because the JVM is exiting.
[9/13/20, 20:47:17:264 EDT] 000000ad com.ibm.ws.runtime.update.internal.RuntimeUpdateManagerImpl  A CWWKE1100I: Waiting for up to 30 seconds for the server to quiesce.
[9/13/20, 20:47:17:269 EDT] 0000007f com.ibm.ws.tcpchannel.internal.TCPChannel                    I CWWKO0220I: TCP Channel defaultHttpEndpoint-ssl has stopped listening for requests on host *  (IPv6) port 9443.
[9/13/20, 20:47:17:270 EDT] 0000007f com.ibm.ws.tcpchannel.internal.TCPChannel                    I CWWKO0220I: TCP Channel defaultHttpEndpoint has stopped listening for requests on host *  (IPv6) port 9080.
[9/13/20, 20:47:17:270 EDT] 0000007f com.ibm.ws.http.internal.VirtualHostImpl                     A CWWKT0017I: Web application removed (default_host): http://laptop-q6gpi00k:9080/jwt/
[9/13/20, 20:47:17:270 EDT] 0000007f com.ibm.ws.http.internal.VirtualHostImpl                     A CWWKT0017I: Web application removed (default_host): http://laptop-q6gpi00k:9080/openapi/ui/
[9/13/20, 20:47:17:270 EDT] 0000007f com.ibm.ws.http.internal.VirtualHostImpl                     A CWWKT0017I: Web application removed (default_host): http://laptop-q6gpi00k:9080/metrics/
[9/13/20, 20:47:17:270 EDT] 0000007f com.ibm.ws.http.internal.VirtualHostImpl                     A CWWKT0017I: Web application removed (default_host): http://laptop-q6gpi00k:9080/health/
[9/13/20, 20:47:17:270 EDT] 0000007f com.ibm.ws.http.internal.VirtualHostImpl                     A CWWKT0017I: Web application removed (default_host): http://laptop-q6gpi00k:9080/
[9/13/20, 20:47:17:270 EDT] 0000007f com.ibm.ws.http.internal.VirtualHostImpl                     A CWWKT0017I: Web application removed (default_host): http://laptop-q6gpi00k:9080/openapi/
[9/13/20, 20:47:17:271 EDT] 0000007f com.ibm.ws.http.internal.VirtualHostImpl                     A CWWKT0017I: Web application removed (default_host): http://laptop-q6gpi00k:9080/ibm/api/
[9/13/20, 20:47:17:968 EDT] 00000016 com.ibm.ws.kernel.launch.internal.ServerCommandListener      A CWWKE0055I: Server shutdown requested on Sunday, September 13, 2020 at 8:47 PM. The server defaultServer is shutting down.
[9/13/20, 20:47:18:275 EDT] 000000ad com.ibm.ws.runtime.update.internal.RuntimeUpdateManagerImpl  I CWWKE1101I: Server quiesce complete.
[9/13/20, 20:47:18:320 EDT] 000000a5 com.ibm.ws.app.manager.AppMessageHelper                      A CWWKZ0009I: The application starter-app has stopped successfully.
[9/13/20, 20:47:18:482 EDT] 000000ad com.ibm.ws.security.ready.internal.SecurityReadyServiceImpl  I CWWKS0009I: The security service has stopped.
[9/13/20, 20:47:18:523 EDT] 000000ad ibm.ws.security.authentication.internal.jaas.JAASServiceImpl I CWWKS1124I: The collective authentication plugin with class name NullCollectiveAuthenticationPlugin has been deactivated. 
[9/13/20, 20:47:18:532 EDT] 000000ad .ws.security.mp.jwt.v11.config.impl.MpConfigProxyServiceImpl I CWWKS5777I: The MicroProfile JWT version 1.1 mpConfigProxy deactivated successfully.
[9/13/20, 20:47:18:534 EDT] 000000ad com.ibm.ws.security.mp.jwt.impl.MicroProfileJwtConfigImpl    I CWWKS5502I: The MicroProfile JWT configuration [defaultMpJwt] was successfully deactivated.
[9/13/20, 20:47:18:535 EDT] 000000ad com.ibm.ws.security.mp.jwt.impl.MicroProfileJwtServiceImpl   I CWWKS5502I: The MicroProfile JWT configuration [MicroProfileJwtService] was successfully deactivated.
[9/13/20, 20:47:18:957 EDT] 00000001 com.ibm.ws.kernel.launch.internal.FrameworkManager           A CWWKE0036I: The server defaultServer stopped after 33 minutes, 53.527 seconds.
